[INFO] [2017-10-18 10:43:03][org.springframework.web.context.ContextLoader]Root WebApplicationContext: initialization started
[INFO] [2017-10-18 10:43:03][org.springframework.web.context.support.XmlWebApplicationContext]Refreshing Root WebApplicationContext: startup date [Wed Oct 18 10:43:03 CST 2017]; root of context hierarchy
[INFO] [2017-10-18 10:43:03][org.springframework.beans.factory.xml.XmlBeanDefinitionReader]Loading XML bean definitions from class path resource [applicationContext.xml]
[INFO] [2017-10-18 10:43:04][org.springframework.context.support.PropertySourcesPlaceholderConfigurer]Loading properties file from class path resource [jdbc.properties]
[INFO] [2017-10-18 10:43:04][org.springframework.beans.factory.annotation.AutowiredAnnotationBeanPostProcessor]JSR-330 'javax.inject.Inject' annotation found and supported for autowiring
[INFO] [2017-10-18 10:43:04][org.hibernate.annotations.common.Version]HCANN000001: Hibernate Commons Annotations {4.0.2.Final}
[INFO] [2017-10-18 10:43:04][org.hibernate.Version]HHH000412: Hibernate Core {4.2.4.Final}
[INFO] [2017-10-18 10:43:04][org.hibernate.cfg.Environment]HHH000206: hibernate.properties not found
[INFO] [2017-10-18 10:43:04][org.hibernate.cfg.Environment]HHH000021: Bytecode provider name : javassist
[INFO] [2017-10-18 10:43:05][org.hibernate.dialect.Dialect]HHH000400: Using dialect: org.hibernate.dialect.MySQLDialect
[INFO] [2017-10-18 10:43:05][org.hibernate.engine.jdbc.internal.LobCreatorBuilder]HHH000423: Disabling contextual LOB creation as JDBC driver reported JDBC version [3] less than 4
[INFO] [2017-10-18 10:43:05][org.hibernate.engine.transaction.internal.TransactionFactoryInitiator]HHH000399: Using default transaction strategy (direct JDBC transactions)
[INFO] [2017-10-18 10:43:05][org.hibernate.hql.internal.ast.ASTQueryTranslatorFactory]HHH000397: Using ASTQueryTranslatorFactory
[INFO] [2017-10-18 10:43:05][org.hibernate.tool.hbm2ddl.SchemaUpdate]HHH000228: Running hbm2ddl schema update
[INFO] [2017-10-18 10:43:05][org.hibernate.tool.hbm2ddl.SchemaUpdate]HHH000102: Fetching database metadata
[INFO] [2017-10-18 10:43:05][org.hibernate.tool.hbm2ddl.SchemaUpdate]HHH000396: Updating schema
[INFO] [2017-10-18 10:43:05][org.hibernate.tool.hbm2ddl.TableMetadata]HHH000261: Table found: orderdb.tb_domain
[INFO] [2017-10-18 10:43:05][org.hibernate.tool.hbm2ddl.TableMetadata]HHH000037: Columns: [ip, id]
[INFO] [2017-10-18 10:43:05][org.hibernate.tool.hbm2ddl.TableMetadata]HHH000108: Foreign keys: []
[INFO] [2017-10-18 10:43:05][org.hibernate.tool.hbm2ddl.TableMetadata]HHH000126: Indexes: [primary]
[INFO] [2017-10-18 10:43:05][org.hibernate.tool.hbm2ddl.TableMetadata]HHH000261: Table found: orderdb.tb_inform
[INFO] [2017-10-18 10:43:05][org.hibernate.tool.hbm2ddl.TableMetadata]HHH000037: Columns: [createdate, tableid, id, tablename, content]
[INFO] [2017-10-18 10:43:05][org.hibernate.tool.hbm2ddl.TableMetadata]HHH000108: Foreign keys: []
[INFO] [2017-10-18 10:43:05][org.hibernate.tool.hbm2ddl.TableMetadata]HHH000126: Indexes: [primary]
[INFO] [2017-10-18 10:43:05][org.hibernate.tool.hbm2ddl.TableMetadata]HHH000261: Table found: orderdb.tb_ingredient
[INFO] [2017-10-18 10:43:05][org.hibernate.tool.hbm2ddl.TableMetadata]HHH000037: Columns: [introduce, price, num, name, createdate, remark, id, source, type]
[INFO] [2017-10-18 10:43:05][org.hibernate.tool.hbm2ddl.TableMetadata]HHH000108: Foreign keys: []
[INFO] [2017-10-18 10:43:05][org.hibernate.tool.hbm2ddl.TableMetadata]HHH000126: Indexes: [primary]
[INFO] [2017-10-18 10:43:05][org.hibernate.tool.hbm2ddl.TableMetadata]HHH000261: Table found: orderdb.tb_menu
[INFO] [2017-10-18 10:43:05][org.hibernate.tool.hbm2ddl.TableMetadata]HHH000037: Columns: [exist, imgurl, introduce, price, num, name, createdate, remark, typeid, id, typename]
[INFO] [2017-10-18 10:43:05][org.hibernate.tool.hbm2ddl.TableMetadata]HHH000108: Foreign keys: []
[INFO] [2017-10-18 10:43:05][org.hibernate.tool.hbm2ddl.TableMetadata]HHH000126: Indexes: [primary]
[INFO] [2017-10-18 10:43:05][org.hibernate.tool.hbm2ddl.TableMetadata]HHH000261: Table found: orderdb.tb_menumaterial
[INFO] [2017-10-18 10:43:05][org.hibernate.tool.hbm2ddl.TableMetadata]HHH000037: Columns: [imgurl, menuname, ingid, num, stockdate, menuid, id, type, ingname]
[INFO] [2017-10-18 10:43:05][org.hibernate.tool.hbm2ddl.TableMetadata]HHH000108: Foreign keys: []
[INFO] [2017-10-18 10:43:05][org.hibernate.tool.hbm2ddl.TableMetadata]HHH000126: Indexes: [primary]
[INFO] [2017-10-18 10:43:05][org.hibernate.tool.hbm2ddl.TableMetadata]HHH000261: Table found: orderdb.tb_menutype
[INFO] [2017-10-18 10:43:05][org.hibernate.tool.hbm2ddl.TableMetadata]HHH000037: Columns: [imgurl, name, remark, id]
[INFO] [2017-10-18 10:43:05][org.hibernate.tool.hbm2ddl.TableMetadata]HHH000108: Foreign keys: []
[INFO] [2017-10-18 10:43:05][org.hibernate.tool.hbm2ddl.TableMetadata]HHH000126: Indexes: [primary]
[INFO] [2017-10-18 10:43:05][org.hibernate.tool.hbm2ddl.TableMetadata]HHH000261: Table found: orderdb.tb_order
[INFO] [2017-10-18 10:43:05][org.hibernate.tool.hbm2ddl.TableMetadata]HHH000037: Columns: [favourable, cookid, createdate, payway, remark, cashiername, total, price, tableid, cookname, cashierid, id, tablename, status]
[INFO] [2017-10-18 10:43:05][org.hibernate.tool.hbm2ddl.TableMetadata]HHH000108: Foreign keys: []
[INFO] [2017-10-18 10:43:05][org.hibernate.tool.hbm2ddl.TableMetadata]HHH000126: Indexes: [primary]
[INFO] [2017-10-18 10:43:05][org.hibernate.tool.hbm2ddl.TableMetadata]HHH000261: Table found: orderdb.tb_orderdetails
[INFO] [2017-10-18 10:43:05][org.hibernate.tool.hbm2ddl.TableMetadata]HHH000037: Columns: [gift, menunum, cookid, menuname, orderid, remark, dishes, imgurl, price, menuid, tableid, cookname, id, tablename, creatdate, status]
[INFO] [2017-10-18 10:43:05][org.hibernate.tool.hbm2ddl.TableMetadata]HHH000108: Foreign keys: []
[INFO] [2017-10-18 10:43:05][org.hibernate.tool.hbm2ddl.TableMetadata]HHH000126: Indexes: [primary]
[INFO] [2017-10-18 10:43:05][org.hibernate.tool.hbm2ddl.TableMetadata]HHH000261: Table found: orderdb.tb_payment
[INFO] [2017-10-18 10:43:05][org.hibernate.tool.hbm2ddl.TableMetadata]HHH000037: Columns: [ways, remark, id]
[INFO] [2017-10-18 10:43:05][org.hibernate.tool.hbm2ddl.TableMetadata]HHH000108: Foreign keys: []
[INFO] [2017-10-18 10:43:05][org.hibernate.tool.hbm2ddl.TableMetadata]HHH000126: Indexes: [primary]
[INFO] [2017-10-18 10:43:05][org.hibernate.tool.hbm2ddl.TableMetadata]HHH000261: Table found: orderdb.tb_restaurant
[INFO] [2017-10-18 10:43:05][org.hibernate.tool.hbm2ddl.TableMetadata]HHH000037: Columns: [imgurl, address, phone, introduce, name, id]
[INFO] [2017-10-18 10:43:05][org.hibernate.tool.hbm2ddl.TableMetadata]HHH000108: Foreign keys: []
[INFO] [2017-10-18 10:43:05][org.hibernate.tool.hbm2ddl.TableMetadata]HHH000126: Indexes: [primary]
[INFO] [2017-10-18 10:43:05][org.hibernate.tool.hbm2ddl.TableMetadata]HHH000261: Table found: orderdb.tb_shopcart
[INFO] [2017-10-18 10:43:05][org.hibernate.tool.hbm2ddl.TableMetadata]HHH000037: Columns: [imgurl, menunum, menuname, price, menuid, tableid, remark, id, tablename]
[INFO] [2017-10-18 10:43:05][org.hibernate.tool.hbm2ddl.TableMetadata]HHH000108: Foreign keys: []
[INFO] [2017-10-18 10:43:05][org.hibernate.tool.hbm2ddl.TableMetadata]HHH000126: Indexes: [primary]
[INFO] [2017-10-18 10:43:05][org.hibernate.tool.hbm2ddl.TableMetadata]HHH000261: Table found: orderdb.tb_stock
[INFO] [2017-10-18 10:43:05][org.hibernate.tool.hbm2ddl.TableMetadata]HHH000037: Columns: [site, total, createdate, remark, id]
[INFO] [2017-10-18 10:43:05][org.hibernate.tool.hbm2ddl.TableMetadata]HHH000108: Foreign keys: []
[INFO] [2017-10-18 10:43:05][org.hibernate.tool.hbm2ddl.TableMetadata]HHH000126: Indexes: [primary]
[INFO] [2017-10-18 10:43:05][org.hibernate.tool.hbm2ddl.TableMetadata]HHH000261: Table found: orderdb.tb_stockdetails
[INFO] [2017-10-18 10:43:05][org.hibernate.tool.hbm2ddl.TableMetadata]HHH000037: Columns: [ingid, price, num, stockid, createdate, origins, id, place, ingname]
[INFO] [2017-10-18 10:43:05][org.hibernate.tool.hbm2ddl.TableMetadata]HHH000108: Foreign keys: []
[INFO] [2017-10-18 10:43:05][org.hibernate.tool.hbm2ddl.TableMetadata]HHH000126: Indexes: [primary]
[INFO] [2017-10-18 10:43:05][org.hibernate.tool.hbm2ddl.TableMetadata]HHH000261: Table found: orderdb.tb_tables
[INFO] [2017-10-18 10:43:05][org.hibernate.tool.hbm2ddl.TableMetadata]HHH000037: Columns: [name, remark, id, status]
[INFO] [2017-10-18 10:43:05][org.hibernate.tool.hbm2ddl.TableMetadata]HHH000108: Foreign keys: []
[INFO] [2017-10-18 10:43:05][org.hibernate.tool.hbm2ddl.TableMetadata]HHH000126: Indexes: [primary]
[INFO] [2017-10-18 10:43:05][org.hibernate.tool.hbm2ddl.TableMetadata]HHH000261: Table found: orderdb.tb_user
[INFO] [2017-10-18 10:43:05][org.hibernate.tool.hbm2ddl.TableMetadata]HHH000037: Columns: [password, phone, name, createdate, remark, id, sort]
[INFO] [2017-10-18 10:43:05][org.hibernate.tool.hbm2ddl.TableMetadata]HHH000108: Foreign keys: []
[INFO] [2017-10-18 10:43:05][org.hibernate.tool.hbm2ddl.TableMetadata]HHH000126: Indexes: [primary]
[INFO] [2017-10-18 10:43:05][org.hibernate.tool.hbm2ddl.SchemaUpdate]HHH000232: Schema update complete
[INFO] [2017-10-18 10:43:05][org.springframework.orm.hibernate4.HibernateTransactionManager]Using DataSource [org.apache.commons.dbcp.BasicDataSource@56555083] of Hibernate SessionFactory for HibernateTransactionManager
[INFO] [2017-10-18 10:43:06][org.springframework.web.context.ContextLoader]Root WebApplicationContext: initialization completed in 3069 ms
[INFO] [2017-10-18 10:43:06][com.opensymphony.xwork2.config.providers.XmlConfigurationProvider]Parsing configuration file [struts-default.xml]
[INFO] [2017-10-18 10:43:06][com.opensymphony.xwork2.config.providers.XmlConfigurationProvider]Parsing configuration file [struts-plugin.xml]
[INFO] [2017-10-18 10:43:06][com.opensymphony.xwork2.config.providers.XmlConfigurationProvider]Parsing configuration file [struts.xml]
[INFO] [2017-10-18 10:43:06][org.apache.struts2.config.AbstractBeanSelectionProvider]Choosing bean (spring) for (com.opensymphony.xwork2.ObjectFactory)
[INFO] [2017-10-18 10:43:06][org.apache.struts2.config.AbstractBeanSelectionProvider]Choosing bean (struts) for (com.opensymphony.xwork2.factory.ActionFactory)
[INFO] [2017-10-18 10:43:06][org.apache.struts2.config.AbstractBeanSelectionProvider]Choosing bean (struts) for (com.opensymphony.xwork2.factory.ResultFactory)
[INFO] [2017-10-18 10:43:06][org.apache.struts2.config.AbstractBeanSelectionProvider]Choosing bean (struts) for (com.opensymphony.xwork2.factory.ConverterFactory)
[INFO] [2017-10-18 10:43:06][org.apache.struts2.config.AbstractBeanSelectionProvider]Choosing bean (struts) for (com.opensymphony.xwork2.factory.InterceptorFactory)
[INFO] [2017-10-18 10:43:06][org.apache.struts2.config.AbstractBeanSelectionProvider]Choosing bean (struts) for (com.opensymphony.xwork2.factory.ValidatorFactory)
[INFO] [2017-10-18 10:43:06][org.apache.struts2.config.AbstractBeanSelectionProvider]Choosing bean (struts) for (com.opensymphony.xwork2.factory.UnknownHandlerFactory)
[INFO] [2017-10-18 10:43:06][org.apache.struts2.config.AbstractBeanSelectionProvider]Choosing bean (struts) for (com.opensymphony.xwork2.FileManagerFactory)
[INFO] [2017-10-18 10:43:06][org.apache.struts2.config.AbstractBeanSelectionProvider]Choosing bean (struts) for (com.opensymphony.xwork2.conversion.impl.XWorkConverter)
[INFO] [2017-10-18 10:43:06][org.apache.struts2.config.AbstractBeanSelectionProvider]Choosing bean (struts) for (com.opensymphony.xwork2.conversion.impl.CollectionConverter)
[INFO] [2017-10-18 10:43:06][org.apache.struts2.config.AbstractBeanSelectionProvider]Choosing bean (struts) for (com.opensymphony.xwork2.conversion.impl.ArrayConverter)
[INFO] [2017-10-18 10:43:06][org.apache.struts2.config.AbstractBeanSelectionProvider]Choosing bean (struts) for (com.opensymphony.xwork2.conversion.impl.DateConverter)
[INFO] [2017-10-18 10:43:06][org.apache.struts2.config.AbstractBeanSelectionProvider]Choosing bean (struts) for (com.opensymphony.xwork2.conversion.impl.NumberConverter)
[INFO] [2017-10-18 10:43:06][org.apache.struts2.config.AbstractBeanSelectionProvider]Choosing bean (struts) for (com.opensymphony.xwork2.conversion.impl.StringConverter)
[INFO] [2017-10-18 10:43:06][org.apache.struts2.config.AbstractBeanSelectionProvider]Choosing bean (struts) for (com.opensymphony.xwork2.conversion.ConversionPropertiesProcessor)
[INFO] [2017-10-18 10:43:06][org.apache.struts2.config.AbstractBeanSelectionProvider]Choosing bean (struts) for (com.opensymphony.xwork2.conversion.ConversionFileProcessor)
[INFO] [2017-10-18 10:43:06][org.apache.struts2.config.AbstractBeanSelectionProvider]Choosing bean (struts) for (com.opensymphony.xwork2.conversion.ConversionAnnotationProcessor)
[INFO] [2017-10-18 10:43:06][org.apache.struts2.config.AbstractBeanSelectionProvider]Choosing bean (struts) for (com.opensymphony.xwork2.conversion.TypeConverterCreator)
[INFO] [2017-10-18 10:43:06][org.apache.struts2.config.AbstractBeanSelectionProvider]Choosing bean (struts) for (com.opensymphony.xwork2.conversion.TypeConverterHolder)
[INFO] [2017-10-18 10:43:06][org.apache.struts2.config.AbstractBeanSelectionProvider]Choosing bean (struts) for (com.opensymphony.xwork2.TextProvider)
[INFO] [2017-10-18 10:43:06][org.apache.struts2.config.AbstractBeanSelectionProvider]Choosing bean (struts) for (com.opensymphony.xwork2.LocaleProvider)
[INFO] [2017-10-18 10:43:06][org.apache.struts2.config.AbstractBeanSelectionProvider]Choosing bean (struts) for (com.opensymphony.xwork2.ActionProxyFactory)
[INFO] [2017-10-18 10:43:06][org.apache.struts2.config.AbstractBeanSelectionProvider]Choosing bean (struts) for (com.opensymphony.xwork2.conversion.ObjectTypeDeterminer)
[INFO] [2017-10-18 10:43:06][org.apache.struts2.config.AbstractBeanSelectionProvider]Choosing bean (struts) for (org.apache.struts2.dispatcher.mapper.ActionMapper)
[INFO] [2017-10-18 10:43:06][org.apache.struts2.config.AbstractBeanSelectionProvider]Choosing bean (jakarta) for (org.apache.struts2.dispatcher.multipart.MultiPartRequest)
[INFO] [2017-10-18 10:43:06][org.apache.struts2.config.AbstractBeanSelectionProvider]Choosing bean (struts) for (org.apache.struts2.views.freemarker.FreemarkerManager)
[INFO] [2017-10-18 10:43:06][org.apache.struts2.config.AbstractBeanSelectionProvider]Choosing bean (struts) for (org.apache.struts2.components.UrlRenderer)
[INFO] [2017-10-18 10:43:06][org.apache.struts2.config.AbstractBeanSelectionProvider]Choosing bean (struts) for (com.opensymphony.xwork2.validator.ActionValidatorManager)
[INFO] [2017-10-18 10:43:06][org.apache.struts2.config.AbstractBeanSelectionProvider]Choosing bean (struts) for (com.opensymphony.xwork2.util.ValueStackFactory)
[INFO] [2017-10-18 10:43:06][org.apache.struts2.config.AbstractBeanSelectionProvider]Choosing bean (struts) for (com.opensymphony.xwork2.util.reflection.ReflectionProvider)
[INFO] [2017-10-18 10:43:06][org.apache.struts2.config.AbstractBeanSelectionProvider]Choosing bean (struts) for (com.opensymphony.xwork2.util.reflection.ReflectionContextFactory)
[INFO] [2017-10-18 10:43:06][org.apache.struts2.config.AbstractBeanSelectionProvider]Choosing bean (struts) for (com.opensymphony.xwork2.util.PatternMatcher)
[INFO] [2017-10-18 10:43:06][org.apache.struts2.config.AbstractBeanSelectionProvider]Choosing bean (struts) for (org.apache.struts2.util.ContentTypeMatcher)
[INFO] [2017-10-18 10:43:06][org.apache.struts2.config.AbstractBeanSelectionProvider]Choosing bean (struts) for (org.apache.struts2.dispatcher.StaticContentLoader)
[INFO] [2017-10-18 10:43:06][org.apache.struts2.config.AbstractBeanSelectionProvider]Choosing bean (struts) for (com.opensymphony.xwork2.UnknownHandlerManager)
[INFO] [2017-10-18 10:43:06][org.apache.struts2.config.AbstractBeanSelectionProvider]Choosing bean (struts) for (org.apache.struts2.views.util.UrlHelper)
[INFO] [2017-10-18 10:43:06][org.apache.struts2.config.AbstractBeanSelectionProvider]Choosing bean (struts) for (com.opensymphony.xwork2.util.TextParser)
[INFO] [2017-10-18 10:43:06][org.apache.struts2.config.AbstractBeanSelectionProvider]Choosing bean (struts) for (org.apache.struts2.dispatcher.DispatcherErrorHandler)
[INFO] [2017-10-18 10:43:06][org.apache.struts2.config.AbstractBeanSelectionProvider]Choosing bean (struts) for (com.opensymphony.xwork2.security.ExcludedPatternsChecker)
[INFO] [2017-10-18 10:43:06][org.apache.struts2.config.AbstractBeanSelectionProvider]Choosing bean (struts) for (com.opensymphony.xwork2.security.AcceptedPatternsChecker)
[INFO] [2017-10-18 10:43:06][org.apache.struts2.spring.StrutsSpringObjectFactory]Initializing Struts-Spring integration...
[INFO] [2017-10-18 10:43:06][com.opensymphony.xwork2.spring.SpringObjectFactory]Setting autowire strategy to name
[INFO] [2017-10-18 10:43:06][org.apache.struts2.spring.StrutsSpringObjectFactory]... initialized Struts-Spring integration successfully
[INFO] [2017-10-18 10:45:32][org.springframework.web.context.support.XmlWebApplicationContext]Closing Root WebApplicationContext: startup date [Wed Oct 18 10:43:03 CST 2017]; root of context hierarchy
[INFO] [2017-10-18 10:45:45][org.springframework.web.context.ContextLoader]Root WebApplicationContext: initialization started
[INFO] [2017-10-18 10:45:45][org.springframework.web.context.support.XmlWebApplicationContext]Refreshing Root WebApplicationContext: startup date [Wed Oct 18 10:45:45 CST 2017]; root of context hierarchy
[INFO] [2017-10-18 10:45:45][org.springframework.beans.factory.xml.XmlBeanDefinitionReader]Loading XML bean definitions from class path resource [applicationContext.xml]
[INFO] [2017-10-18 10:45:46][org.springframework.context.support.PropertySourcesPlaceholderConfigurer]Loading properties file from class path resource [jdbc.properties]
[INFO] [2017-10-18 10:45:46][org.springframework.beans.factory.annotation.AutowiredAnnotationBeanPostProcessor]JSR-330 'javax.inject.Inject' annotation found and supported for autowiring
[INFO] [2017-10-18 10:45:46][org.hibernate.annotations.common.Version]HCANN000001: Hibernate Commons Annotations {4.0.2.Final}
[INFO] [2017-10-18 10:45:46][org.hibernate.Version]HHH000412: Hibernate Core {4.2.4.Final}
[INFO] [2017-10-18 10:45:46][org.hibernate.cfg.Environment]HHH000206: hibernate.properties not found
[INFO] [2017-10-18 10:45:46][org.hibernate.cfg.Environment]HHH000021: Bytecode provider name : javassist
[INFO] [2017-10-18 10:45:47][org.hibernate.dialect.Dialect]HHH000400: Using dialect: org.hibernate.dialect.MySQLDialect
[INFO] [2017-10-18 10:45:47][org.hibernate.engine.jdbc.internal.LobCreatorBuilder]HHH000423: Disabling contextual LOB creation as JDBC driver reported JDBC version [3] less than 4
[INFO] [2017-10-18 10:45:47][org.hibernate.engine.transaction.internal.TransactionFactoryInitiator]HHH000399: Using default transaction strategy (direct JDBC transactions)
[INFO] [2017-10-18 10:45:47][org.hibernate.hql.internal.ast.ASTQueryTranslatorFactory]HHH000397: Using ASTQueryTranslatorFactory
[INFO] [2017-10-18 10:45:47][org.hibernate.tool.hbm2ddl.SchemaUpdate]HHH000228: Running hbm2ddl schema update
[INFO] [2017-10-18 10:45:47][org.hibernate.tool.hbm2ddl.SchemaUpdate]HHH000102: Fetching database metadata
[INFO] [2017-10-18 10:45:47][org.hibernate.tool.hbm2ddl.SchemaUpdate]HHH000396: Updating schema
[INFO] [2017-10-18 10:45:47][org.hibernate.tool.hbm2ddl.TableMetadata]HHH000261: Table found: orderdb.tb_domain
[INFO] [2017-10-18 10:45:47][org.hibernate.tool.hbm2ddl.TableMetadata]HHH000037: Columns: [ip, id]
[INFO] [2017-10-18 10:45:47][org.hibernate.tool.hbm2ddl.TableMetadata]HHH000108: Foreign keys: []
[INFO] [2017-10-18 10:45:47][org.hibernate.tool.hbm2ddl.TableMetadata]HHH000126: Indexes: [primary]
[INFO] [2017-10-18 10:45:47][org.hibernate.tool.hbm2ddl.TableMetadata]HHH000261: Table found: orderdb.tb_inform
[INFO] [2017-10-18 10:45:47][org.hibernate.tool.hbm2ddl.TableMetadata]HHH000037: Columns: [createdate, tableid, id, tablename, content]
[INFO] [2017-10-18 10:45:47][org.hibernate.tool.hbm2ddl.TableMetadata]HHH000108: Foreign keys: []
[INFO] [2017-10-18 10:45:47][org.hibernate.tool.hbm2ddl.TableMetadata]HHH000126: Indexes: [primary]
[INFO] [2017-10-18 10:45:47][org.hibernate.tool.hbm2ddl.TableMetadata]HHH000261: Table found: orderdb.tb_ingredient
[INFO] [2017-10-18 10:45:47][org.hibernate.tool.hbm2ddl.TableMetadata]HHH000037: Columns: [introduce, price, num, name, createdate, remark, id, source, type]
[INFO] [2017-10-18 10:45:47][org.hibernate.tool.hbm2ddl.TableMetadata]HHH000108: Foreign keys: []
[INFO] [2017-10-18 10:45:47][org.hibernate.tool.hbm2ddl.TableMetadata]HHH000126: Indexes: [primary]
[INFO] [2017-10-18 10:45:47][org.hibernate.tool.hbm2ddl.TableMetadata]HHH000261: Table found: orderdb.tb_menu
[INFO] [2017-10-18 10:45:47][org.hibernate.tool.hbm2ddl.TableMetadata]HHH000037: Columns: [exist, imgurl, introduce, price, num, name, createdate, remark, typeid, id, typename]
[INFO] [2017-10-18 10:45:47][org.hibernate.tool.hbm2ddl.TableMetadata]HHH000108: Foreign keys: []
[INFO] [2017-10-18 10:45:47][org.hibernate.tool.hbm2ddl.TableMetadata]HHH000126: Indexes: [primary]
[INFO] [2017-10-18 10:45:47][org.hibernate.tool.hbm2ddl.TableMetadata]HHH000261: Table found: orderdb.tb_menumaterial
[INFO] [2017-10-18 10:45:47][org.hibernate.tool.hbm2ddl.TableMetadata]HHH000037: Columns: [imgurl, menuname, ingid, num, stockdate, menuid, id, type, ingname]
[INFO] [2017-10-18 10:45:47][org.hibernate.tool.hbm2ddl.TableMetadata]HHH000108: Foreign keys: []
[INFO] [2017-10-18 10:45:47][org.hibernate.tool.hbm2ddl.TableMetadata]HHH000126: Indexes: [primary]
[INFO] [2017-10-18 10:45:47][org.hibernate.tool.hbm2ddl.TableMetadata]HHH000261: Table found: orderdb.tb_menutype
[INFO] [2017-10-18 10:45:47][org.hibernate.tool.hbm2ddl.TableMetadata]HHH000037: Columns: [imgurl, name, remark, id]
[INFO] [2017-10-18 10:45:47][org.hibernate.tool.hbm2ddl.TableMetadata]HHH000108: Foreign keys: []
[INFO] [2017-10-18 10:45:47][org.hibernate.tool.hbm2ddl.TableMetadata]HHH000126: Indexes: [primary]
[INFO] [2017-10-18 10:45:47][org.hibernate.tool.hbm2ddl.TableMetadata]HHH000261: Table found: orderdb.tb_order
[INFO] [2017-10-18 10:45:47][org.hibernate.tool.hbm2ddl.TableMetadata]HHH000037: Columns: [favourable, cookid, createdate, payway, remark, cashiername, total, price, tableid, cookname, cashierid, id, tablename, status]
[INFO] [2017-10-18 10:45:47][org.hibernate.tool.hbm2ddl.TableMetadata]HHH000108: Foreign keys: []
[INFO] [2017-10-18 10:45:47][org.hibernate.tool.hbm2ddl.TableMetadata]HHH000126: Indexes: [primary]
[INFO] [2017-10-18 10:45:47][org.hibernate.tool.hbm2ddl.TableMetadata]HHH000261: Table found: orderdb.tb_orderdetails
[INFO] [2017-10-18 10:45:47][org.hibernate.tool.hbm2ddl.TableMetadata]HHH000037: Columns: [gift, menunum, cookid, menuname, orderid, remark, dishes, imgurl, price, menuid, tableid, cookname, id, tablename, creatdate, status]
[INFO] [2017-10-18 10:45:47][org.hibernate.tool.hbm2ddl.TableMetadata]HHH000108: Foreign keys: []
[INFO] [2017-10-18 10:45:47][org.hibernate.tool.hbm2ddl.TableMetadata]HHH000126: Indexes: [primary]
[INFO] [2017-10-18 10:45:47][org.hibernate.tool.hbm2ddl.TableMetadata]HHH000261: Table found: orderdb.tb_payment
[INFO] [2017-10-18 10:45:47][org.hibernate.tool.hbm2ddl.TableMetadata]HHH000037: Columns: [ways, remark, id]
[INFO] [2017-10-18 10:45:47][org.hibernate.tool.hbm2ddl.TableMetadata]HHH000108: Foreign keys: []
[INFO] [2017-10-18 10:45:47][org.hibernate.tool.hbm2ddl.TableMetadata]HHH000126: Indexes: [primary]
[INFO] [2017-10-18 10:45:47][org.hibernate.tool.hbm2ddl.TableMetadata]HHH000261: Table found: orderdb.tb_restaurant
[INFO] [2017-10-18 10:45:47][org.hibernate.tool.hbm2ddl.TableMetadata]HHH000037: Columns: [imgurl, address, phone, introduce, name, id]
[INFO] [2017-10-18 10:45:47][org.hibernate.tool.hbm2ddl.TableMetadata]HHH000108: Foreign keys: []
[INFO] [2017-10-18 10:45:47][org.hibernate.tool.hbm2ddl.TableMetadata]HHH000126: Indexes: [primary]
[INFO] [2017-10-18 10:45:47][org.hibernate.tool.hbm2ddl.TableMetadata]HHH000261: Table found: orderdb.tb_shopcart
[INFO] [2017-10-18 10:45:47][org.hibernate.tool.hbm2ddl.TableMetadata]HHH000037: Columns: [imgurl, menunum, menuname, price, menuid, tableid, remark, id, tablename]
[INFO] [2017-10-18 10:45:47][org.hibernate.tool.hbm2ddl.TableMetadata]HHH000108: Foreign keys: []
[INFO] [2017-10-18 10:45:47][org.hibernate.tool.hbm2ddl.TableMetadata]HHH000126: Indexes: [primary]
[INFO] [2017-10-18 10:45:47][org.hibernate.tool.hbm2ddl.TableMetadata]HHH000261: Table found: orderdb.tb_stock
[INFO] [2017-10-18 10:45:47][org.hibernate.tool.hbm2ddl.TableMetadata]HHH000037: Columns: [site, total, createdate, remark, id]
[INFO] [2017-10-18 10:45:47][org.hibernate.tool.hbm2ddl.TableMetadata]HHH000108: Foreign keys: []
[INFO] [2017-10-18 10:45:47][org.hibernate.tool.hbm2ddl.TableMetadata]HHH000126: Indexes: [primary]
[INFO] [2017-10-18 10:45:47][org.hibernate.tool.hbm2ddl.TableMetadata]HHH000261: Table found: orderdb.tb_stockdetails
[INFO] [2017-10-18 10:45:47][org.hibernate.tool.hbm2ddl.TableMetadata]HHH000037: Columns: [ingid, price, num, stockid, createdate, origins, id, place, ingname]
[INFO] [2017-10-18 10:45:47][org.hibernate.tool.hbm2ddl.TableMetadata]HHH000108: Foreign keys: []
[INFO] [2017-10-18 10:45:47][org.hibernate.tool.hbm2ddl.TableMetadata]HHH000126: Indexes: [primary]
[INFO] [2017-10-18 10:45:47][org.hibernate.tool.hbm2ddl.TableMetadata]HHH000261: Table found: orderdb.tb_tables
[INFO] [2017-10-18 10:45:47][org.hibernate.tool.hbm2ddl.TableMetadata]HHH000037: Columns: [name, remark, id, status]
[INFO] [2017-10-18 10:45:47][org.hibernate.tool.hbm2ddl.TableMetadata]HHH000108: Foreign keys: []
[INFO] [2017-10-18 10:45:47][org.hibernate.tool.hbm2ddl.TableMetadata]HHH000126: Indexes: [primary]
[INFO] [2017-10-18 10:45:47][org.hibernate.tool.hbm2ddl.TableMetadata]HHH000261: Table found: orderdb.tb_user
[INFO] [2017-10-18 10:45:47][org.hibernate.tool.hbm2ddl.TableMetadata]HHH000037: Columns: [password, phone, name, createdate, remark, id, sort]
[INFO] [2017-10-18 10:45:47][org.hibernate.tool.hbm2ddl.TableMetadata]HHH000108: Foreign keys: []
[INFO] [2017-10-18 10:45:47][org.hibernate.tool.hbm2ddl.TableMetadata]HHH000126: Indexes: [primary]
[INFO] [2017-10-18 10:45:47][org.hibernate.tool.hbm2ddl.SchemaUpdate]HHH000232: Schema update complete
[INFO] [2017-10-18 10:45:48][org.springframework.orm.hibernate4.HibernateTransactionManager]Using DataSource [org.apache.commons.dbcp.BasicDataSource@59b650df] of Hibernate SessionFactory for HibernateTransactionManager
[INFO] [2017-10-18 10:45:48][org.springframework.web.context.ContextLoader]Root WebApplicationContext: initialization completed in 2793 ms
[INFO] [2017-10-18 10:45:48][com.opensymphony.xwork2.config.providers.XmlConfigurationProvider]Parsing configuration file [struts-default.xml]
[INFO] [2017-10-18 10:45:48][com.opensymphony.xwork2.config.providers.XmlConfigurationProvider]Parsing configuration file [struts-plugin.xml]
[INFO] [2017-10-18 10:45:48][com.opensymphony.xwork2.config.providers.XmlConfigurationProvider]Parsing configuration file [struts.xml]
[INFO] [2017-10-18 10:45:48][org.apache.struts2.config.AbstractBeanSelectionProvider]Choosing bean (spring) for (com.opensymphony.xwork2.ObjectFactory)
[INFO] [2017-10-18 10:45:48][org.apache.struts2.config.AbstractBeanSelectionProvider]Choosing bean (struts) for (com.opensymphony.xwork2.factory.ActionFactory)
[INFO] [2017-10-18 10:45:48][org.apache.struts2.config.AbstractBeanSelectionProvider]Choosing bean (struts) for (com.opensymphony.xwork2.factory.ResultFactory)
[INFO] [2017-10-18 10:45:48][org.apache.struts2.config.AbstractBeanSelectionProvider]Choosing bean (struts) for (com.opensymphony.xwork2.factory.ConverterFactory)
[INFO] [2017-10-18 10:45:48][org.apache.struts2.config.AbstractBeanSelectionProvider]Choosing bean (struts) for (com.opensymphony.xwork2.factory.InterceptorFactory)
[INFO] [2017-10-18 10:45:48][org.apache.struts2.config.AbstractBeanSelectionProvider]Choosing bean (struts) for (com.opensymphony.xwork2.factory.ValidatorFactory)
[INFO] [2017-10-18 10:45:48][org.apache.struts2.config.AbstractBeanSelectionProvider]Choosing bean (struts) for (com.opensymphony.xwork2.factory.UnknownHandlerFactory)
[INFO] [2017-10-18 10:45:48][org.apache.struts2.config.AbstractBeanSelectionProvider]Choosing bean (struts) for (com.opensymphony.xwork2.FileManagerFactory)
[INFO] [2017-10-18 10:45:48][org.apache.struts2.config.AbstractBeanSelectionProvider]Choosing bean (struts) for (com.opensymphony.xwork2.conversion.impl.XWorkConverter)
[INFO] [2017-10-18 10:45:48][org.apache.struts2.config.AbstractBeanSelectionProvider]Choosing bean (struts) for (com.opensymphony.xwork2.conversion.impl.CollectionConverter)
[INFO] [2017-10-18 10:45:48][org.apache.struts2.config.AbstractBeanSelectionProvider]Choosing bean (struts) for (com.opensymphony.xwork2.conversion.impl.ArrayConverter)
[INFO] [2017-10-18 10:45:48][org.apache.struts2.config.AbstractBeanSelectionProvider]Choosing bean (struts) for (com.opensymphony.xwork2.conversion.impl.DateConverter)
[INFO] [2017-10-18 10:45:48][org.apache.struts2.config.AbstractBeanSelectionProvider]Choosing bean (struts) for (com.opensymphony.xwork2.conversion.impl.NumberConverter)
[INFO] [2017-10-18 10:45:48][org.apache.struts2.config.AbstractBeanSelectionProvider]Choosing bean (struts) for (com.opensymphony.xwork2.conversion.impl.StringConverter)
[INFO] [2017-10-18 10:45:48][org.apache.struts2.config.AbstractBeanSelectionProvider]Choosing bean (struts) for (com.opensymphony.xwork2.conversion.ConversionPropertiesProcessor)
[INFO] [2017-10-18 10:45:48][org.apache.struts2.config.AbstractBeanSelectionProvider]Choosing bean (struts) for (com.opensymphony.xwork2.conversion.ConversionFileProcessor)
[INFO] [2017-10-18 10:45:48][org.apache.struts2.config.AbstractBeanSelectionProvider]Choosing bean (struts) for (com.opensymphony.xwork2.conversion.ConversionAnnotationProcessor)
[INFO] [2017-10-18 10:45:48][org.apache.struts2.config.AbstractBeanSelectionProvider]Choosing bean (struts) for (com.opensymphony.xwork2.conversion.TypeConverterCreator)
[INFO] [2017-10-18 10:45:48][org.apache.struts2.config.AbstractBeanSelectionProvider]Choosing bean (struts) for (com.opensymphony.xwork2.conversion.TypeConverterHolder)
[INFO] [2017-10-18 10:45:48][org.apache.struts2.config.AbstractBeanSelectionProvider]Choosing bean (struts) for (com.opensymphony.xwork2.TextProvider)
[INFO] [2017-10-18 10:45:48][org.apache.struts2.config.AbstractBeanSelectionProvider]Choosing bean (struts) for (com.opensymphony.xwork2.LocaleProvider)
[INFO] [2017-10-18 10:45:48][org.apache.struts2.config.AbstractBeanSelectionProvider]Choosing bean (struts) for (com.opensymphony.xwork2.ActionProxyFactory)
[INFO] [2017-10-18 10:45:48][org.apache.struts2.config.AbstractBeanSelectionProvider]Choosing bean (struts) for (com.opensymphony.xwork2.conversion.ObjectTypeDeterminer)
[INFO] [2017-10-18 10:45:48][org.apache.struts2.config.AbstractBeanSelectionProvider]Choosing bean (struts) for (org.apache.struts2.dispatcher.mapper.ActionMapper)
[INFO] [2017-10-18 10:45:48][org.apache.struts2.config.AbstractBeanSelectionProvider]Choosing bean (jakarta) for (org.apache.struts2.dispatcher.multipart.MultiPartRequest)
[INFO] [2017-10-18 10:45:48][org.apache.struts2.config.AbstractBeanSelectionProvider]Choosing bean (struts) for (org.apache.struts2.views.freemarker.FreemarkerManager)
[INFO] [2017-10-18 10:45:48][org.apache.struts2.config.AbstractBeanSelectionProvider]Choosing bean (struts) for (org.apache.struts2.components.UrlRenderer)
[INFO] [2017-10-18 10:45:48][org.apache.struts2.config.AbstractBeanSelectionProvider]Choosing bean (struts) for (com.opensymphony.xwork2.validator.ActionValidatorManager)
[INFO] [2017-10-18 10:45:48][org.apache.struts2.config.AbstractBeanSelectionProvider]Choosing bean (struts) for (com.opensymphony.xwork2.util.ValueStackFactory)
[INFO] [2017-10-18 10:45:48][org.apache.struts2.config.AbstractBeanSelectionProvider]Choosing bean (struts) for (com.opensymphony.xwork2.util.reflection.ReflectionProvider)
[INFO] [2017-10-18 10:45:48][org.apache.struts2.config.AbstractBeanSelectionProvider]Choosing bean (struts) for (com.opensymphony.xwork2.util.reflection.ReflectionContextFactory)
[INFO] [2017-10-18 10:45:48][org.apache.struts2.config.AbstractBeanSelectionProvider]Choosing bean (struts) for (com.opensymphony.xwork2.util.PatternMatcher)
[INFO] [2017-10-18 10:45:48][org.apache.struts2.config.AbstractBeanSelectionProvider]Choosing bean (struts) for (org.apache.struts2.util.ContentTypeMatcher)
[INFO] [2017-10-18 10:45:48][org.apache.struts2.config.AbstractBeanSelectionProvider]Choosing bean (struts) for (org.apache.struts2.dispatcher.StaticContentLoader)
[INFO] [2017-10-18 10:45:48][org.apache.struts2.config.AbstractBeanSelectionProvider]Choosing bean (struts) for (com.opensymphony.xwork2.UnknownHandlerManager)
[INFO] [2017-10-18 10:45:48][org.apache.struts2.config.AbstractBeanSelectionProvider]Choosing bean (struts) for (org.apache.struts2.views.util.UrlHelper)
[INFO] [2017-10-18 10:45:48][org.apache.struts2.config.AbstractBeanSelectionProvider]Choosing bean (struts) for (com.opensymphony.xwork2.util.TextParser)
[INFO] [2017-10-18 10:45:48][org.apache.struts2.config.AbstractBeanSelectionProvider]Choosing bean (struts) for (org.apache.struts2.dispatcher.DispatcherErrorHandler)
[INFO] [2017-10-18 10:45:48][org.apache.struts2.config.AbstractBeanSelectionProvider]Choosing bean (struts) for (com.opensymphony.xwork2.security.ExcludedPatternsChecker)
[INFO] [2017-10-18 10:45:48][org.apache.struts2.config.AbstractBeanSelectionProvider]Choosing bean (struts) for (com.opensymphony.xwork2.security.AcceptedPatternsChecker)
[INFO] [2017-10-18 10:45:49][org.apache.struts2.spring.StrutsSpringObjectFactory]Initializing Struts-Spring integration...
[INFO] [2017-10-18 10:45:49][com.opensymphony.xwork2.spring.SpringObjectFactory]Setting autowire strategy to name
[INFO] [2017-10-18 10:45:49][org.apache.struts2.spring.StrutsSpringObjectFactory]... initialized Struts-Spring integration successfully
[INFO] [2017-10-18 10:56:32][org.springframework.web.context.support.XmlWebApplicationContext]Closing Root WebApplicationContext: startup date [Wed Oct 18 10:45:45 CST 2017]; root of context hierarchy
[INFO] [2017-10-18 12:15:51][org.springframework.web.context.ContextLoader]Root WebApplicationContext: initialization started
[INFO] [2017-10-18 12:15:51][org.springframework.web.context.support.XmlWebApplicationContext]Refreshing Root WebApplicationContext: startup date [Wed Oct 18 12:15:51 CST 2017]; root of context hierarchy
[INFO] [2017-10-18 12:15:51][org.springframework.beans.factory.xml.XmlBeanDefinitionReader]Loading XML bean definitions from class path resource [applicationContext.xml]
[INFO] [2017-10-18 12:15:52][org.springframework.context.support.PropertySourcesPlaceholderConfigurer]Loading properties file from class path resource [jdbc.properties]
[INFO] [2017-10-18 12:15:52][org.springframework.beans.factory.annotation.AutowiredAnnotationBeanPostProcessor]JSR-330 'javax.inject.Inject' annotation found and supported for autowiring
[INFO] [2017-10-18 12:15:52][org.hibernate.annotations.common.Version]HCANN000001: Hibernate Commons Annotations {4.0.2.Final}
[INFO] [2017-10-18 12:15:52][org.hibernate.Version]HHH000412: Hibernate Core {4.2.4.Final}
[INFO] [2017-10-18 12:15:52][org.hibernate.cfg.Environment]HHH000206: hibernate.properties not found
[INFO] [2017-10-18 12:15:52][org.hibernate.cfg.Environment]HHH000021: Bytecode provider name : javassist
[WARN] [2017-10-18 12:15:52][org.hibernate.engine.jdbc.internal.JdbcServicesImpl]HHH000342: Could not obtain connection to query metadata : Cannot create JDBC driver of class 'com.mysql.jdbc.Driver' for connect URL 'root'
[INFO] [2017-10-18 12:15:52][org.hibernate.dialect.Dialect]HHH000400: Using dialect: org.hibernate.dialect.MySQLDialect
[INFO] [2017-10-18 12:15:52][org.hibernate.engine.jdbc.internal.LobCreatorBuilder]HHH000422: Disabling contextual LOB creation as connection was null
[INFO] [2017-10-18 12:15:52][org.hibernate.engine.transaction.internal.TransactionFactoryInitiator]HHH000399: Using default transaction strategy (direct JDBC transactions)
[INFO] [2017-10-18 12:15:52][org.hibernate.hql.internal.ast.ASTQueryTranslatorFactory]HHH000397: Using ASTQueryTranslatorFactory
[INFO] [2017-10-18 12:15:53][org.hibernate.tool.hbm2ddl.SchemaUpdate]HHH000228: Running hbm2ddl schema update
[INFO] [2017-10-18 12:15:53][org.hibernate.tool.hbm2ddl.SchemaUpdate]HHH000102: Fetching database metadata
[ERROR] [2017-10-18 12:15:53][org.hibernate.tool.hbm2ddl.SchemaUpdate]HHH000319: Could not get database metadata
org.apache.commons.dbcp.SQLNestedException: Cannot create JDBC driver of class 'com.mysql.jdbc.Driver' for connect URL 'root'
	at org.apache.commons.dbcp.BasicDataSource.createDataSource(BasicDataSource.java:1150)
	at org.apache.commons.dbcp.BasicDataSource.getConnection(BasicDataSource.java:880)
	at org.hibernate.service.jdbc.connections.internal.DatasourceConnectionProviderImpl.getConnection(DatasourceConnectionProviderImpl.java:141)
	at org.hibernate.tool.hbm2ddl.SuppliedConnectionProviderConnectionHelper.prepare(SuppliedConnectionProviderConnectionHelper.java:51)
	at org.hibernate.tool.hbm2ddl.SchemaUpdate.execute(SchemaUpdate.java:194)
	at org.hibernate.tool.hbm2ddl.SchemaUpdate.execute(SchemaUpdate.java:178)
	at org.hibernate.internal.SessionFactoryImpl.<init>(SessionFactoryImpl.java:505)
	at org.hibernate.cfg.Configuration.buildSessionFactory(Configuration.java:1790)
	at org.hibernate.cfg.Configuration.buildSessionFactory(Configuration.java:1861)
	at org.springframework.orm.hibernate4.LocalSessionFactoryBuilder.buildSessionFactory(LocalSessionFactoryBuilder.java:343)
	at org.springframework.orm.hibernate4.LocalSessionFactoryBean.buildSessionFactory(LocalSessionFactoryBean.java:431)
	at org.springframework.orm.hibernate4.LocalSessionFactoryBean.afterPropertiesSet(LocalSessionFactoryBean.java:416)
	at org.springframework.beans.factory.support.AbstractAutowireCapableBeanFactory.invokeInitMethods(AbstractAutowireCapableBeanFactory.java:1612)
	at org.springframework.beans.factory.support.AbstractAutowireCapableBeanFactory.initializeBean(AbstractAutowireCapableBeanFactory.java:1549)
	at org.springframework.beans.factory.support.AbstractAutowireCapableBeanFactory.doCreateBean(AbstractAutowireCapableBeanFactory.java:539)
	at org.springframework.beans.factory.support.AbstractAutowireCapableBeanFactory.createBean(AbstractAutowireCapableBeanFactory.java:475)
	at org.springframework.beans.factory.support.AbstractBeanFactory$1.getObject(AbstractBeanFactory.java:304)
	at org.springframework.beans.factory.support.DefaultSingletonBeanRegistry.getSingleton(DefaultSingletonBeanRegistry.java:228)
	at org.springframework.beans.factory.support.AbstractBeanFactory.doGetBean(AbstractBeanFactory.java:300)
	at org.springframework.beans.factory.support.AbstractBeanFactory.getBean(AbstractBeanFactory.java:200)
	at org.springframework.context.annotation.CommonAnnotationBeanPostProcessor.autowireResource(CommonAnnotationBeanPostProcessor.java:446)
	at org.springframework.context.annotation.CommonAnnotationBeanPostProcessor.getResource(CommonAnnotationBeanPostProcessor.java:420)
	at org.springframework.context.annotation.CommonAnnotationBeanPostProcessor$ResourceElement.getResourceToInject(CommonAnnotationBeanPostProcessor.java:545)
	at org.springframework.beans.factory.annotation.InjectionMetadata$InjectedElement.inject(InjectionMetadata.java:155)
	at org.springframework.beans.factory.annotation.InjectionMetadata.inject(InjectionMetadata.java:87)
	at org.springframework.context.annotation.CommonAnnotationBeanPostProcessor.postProcessPropertyValues(CommonAnnotationBeanPostProcessor.java:305)
	at org.springframework.beans.factory.support.AbstractAutowireCapableBeanFactory.populateBean(AbstractAutowireCapableBeanFactory.java:1185)
	at org.springframework.beans.factory.support.AbstractAutowireCapableBeanFactory.doCreateBean(AbstractAutowireCapableBeanFactory.java:537)
	at org.springframework.beans.factory.support.AbstractAutowireCapableBeanFactory.createBean(AbstractAutowireCapableBeanFactory.java:475)
	at org.springframework.beans.factory.support.AbstractBeanFactory$1.getObject(AbstractBeanFactory.java:304)
	at org.springframework.beans.factory.support.DefaultSingletonBeanRegistry.getSingleton(DefaultSingletonBeanRegistry.java:228)
	at org.springframework.beans.factory.support.AbstractBeanFactory.doGetBean(AbstractBeanFactory.java:300)
	at org.springframework.beans.factory.support.AbstractBeanFactory.getBean(AbstractBeanFactory.java:195)
	at org.springframework.beans.factory.support.DefaultListableBeanFactory.preInstantiateSingletons(DefaultListableBeanFactory.java:703)
	at org.springframework.context.support.AbstractApplicationContext.finishBeanFactoryInitialization(AbstractApplicationContext.java:760)
	at org.springframework.context.support.AbstractApplicationContext.refresh(AbstractApplicationContext.java:482)
	at org.springframework.web.context.ContextLoader.configureAndRefreshWebApplicationContext(ContextLoader.java:403)
	at org.springframework.web.context.ContextLoader.initWebApplicationContext(ContextLoader.java:306)
	at org.springframework.web.context.ContextLoaderListener.contextInitialized(ContextLoaderListener.java:106)
	at org.apache.catalina.core.StandardContext.listenerStart(StandardContext.java:4939)
	at org.apache.catalina.core.StandardContext.startInternal(StandardContext.java:5434)
	at org.apache.catalina.util.LifecycleBase.start(LifecycleBase.java:150)
	at org.apache.catalina.core.ContainerBase$StartChild.call(ContainerBase.java:1559)
	at org.apache.catalina.core.ContainerBase$StartChild.call(ContainerBase.java:1549)
	at java.util.concurrent.FutureTask.run(FutureTask.java:266)
	at java.util.concurrent.ThreadPoolExecutor.runWorker(ThreadPoolExecutor.java:1149)
	at java.util.concurrent.ThreadPoolExecutor$Worker.run(ThreadPoolExecutor.java:624)
	at java.lang.Thread.run(Thread.java:748)
Caused by: java.sql.SQLException: No suitable driver
	at java.sql.DriverManager.getDriver(DriverManager.java:315)
	at org.apache.commons.dbcp.BasicDataSource.createDataSource(BasicDataSource.java:1143)
	... 47 more
[ERROR] [2017-10-18 12:15:53][org.hibernate.tool.hbm2ddl.SchemaUpdate]HHH000299: Could not complete schema update
org.apache.commons.dbcp.SQLNestedException: Cannot create JDBC driver of class 'com.mysql.jdbc.Driver' for connect URL 'root'
	at org.apache.commons.dbcp.BasicDataSource.createDataSource(BasicDataSource.java:1150)
	at org.apache.commons.dbcp.BasicDataSource.getConnection(BasicDataSource.java:880)
	at org.hibernate.service.jdbc.connections.internal.DatasourceConnectionProviderImpl.getConnection(DatasourceConnectionProviderImpl.java:141)
	at org.hibernate.tool.hbm2ddl.SuppliedConnectionProviderConnectionHelper.prepare(SuppliedConnectionProviderConnectionHelper.java:51)
	at org.hibernate.tool.hbm2ddl.SchemaUpdate.execute(SchemaUpdate.java:194)
	at org.hibernate.tool.hbm2ddl.SchemaUpdate.execute(SchemaUpdate.java:178)
	at org.hibernate.internal.SessionFactoryImpl.<init>(SessionFactoryImpl.java:505)
	at org.hibernate.cfg.Configuration.buildSessionFactory(Configuration.java:1790)
	at org.hibernate.cfg.Configuration.buildSessionFactory(Configuration.java:1861)
	at org.springframework.orm.hibernate4.LocalSessionFactoryBuilder.buildSessionFactory(LocalSessionFactoryBuilder.java:343)
	at org.springframework.orm.hibernate4.LocalSessionFactoryBean.buildSessionFactory(LocalSessionFactoryBean.java:431)
	at org.springframework.orm.hibernate4.LocalSessionFactoryBean.afterPropertiesSet(LocalSessionFactoryBean.java:416)
	at org.springframework.beans.factory.support.AbstractAutowireCapableBeanFactory.invokeInitMethods(AbstractAutowireCapableBeanFactory.java:1612)
	at org.springframework.beans.factory.support.AbstractAutowireCapableBeanFactory.initializeBean(AbstractAutowireCapableBeanFactory.java:1549)
	at org.springframework.beans.factory.support.AbstractAutowireCapableBeanFactory.doCreateBean(AbstractAutowireCapableBeanFactory.java:539)
	at org.springframework.beans.factory.support.AbstractAutowireCapableBeanFactory.createBean(AbstractAutowireCapableBeanFactory.java:475)
	at org.springframework.beans.factory.support.AbstractBeanFactory$1.getObject(AbstractBeanFactory.java:304)
	at org.springframework.beans.factory.support.DefaultSingletonBeanRegistry.getSingleton(DefaultSingletonBeanRegistry.java:228)
	at org.springframework.beans.factory.support.AbstractBeanFactory.doGetBean(AbstractBeanFactory.java:300)
	at org.springframework.beans.factory.support.AbstractBeanFactory.getBean(AbstractBeanFactory.java:200)
	at org.springframework.context.annotation.CommonAnnotationBeanPostProcessor.autowireResource(CommonAnnotationBeanPostProcessor.java:446)
	at org.springframework.context.annotation.CommonAnnotationBeanPostProcessor.getResource(CommonAnnotationBeanPostProcessor.java:420)
	at org.springframework.context.annotation.CommonAnnotationBeanPostProcessor$ResourceElement.getResourceToInject(CommonAnnotationBeanPostProcessor.java:545)
	at org.springframework.beans.factory.annotation.InjectionMetadata$InjectedElement.inject(InjectionMetadata.java:155)
	at org.springframework.beans.factory.annotation.InjectionMetadata.inject(InjectionMetadata.java:87)
	at org.springframework.context.annotation.CommonAnnotationBeanPostProcessor.postProcessPropertyValues(CommonAnnotationBeanPostProcessor.java:305)
	at org.springframework.beans.factory.support.AbstractAutowireCapableBeanFactory.populateBean(AbstractAutowireCapableBeanFactory.java:1185)
	at org.springframework.beans.factory.support.AbstractAutowireCapableBeanFactory.doCreateBean(AbstractAutowireCapableBeanFactory.java:537)
	at org.springframework.beans.factory.support.AbstractAutowireCapableBeanFactory.createBean(AbstractAutowireCapableBeanFactory.java:475)
	at org.springframework.beans.factory.support.AbstractBeanFactory$1.getObject(AbstractBeanFactory.java:304)
	at org.springframework.beans.factory.support.DefaultSingletonBeanRegistry.getSingleton(DefaultSingletonBeanRegistry.java:228)
	at org.springframework.beans.factory.support.AbstractBeanFactory.doGetBean(AbstractBeanFactory.java:300)
	at org.springframework.beans.factory.support.AbstractBeanFactory.getBean(AbstractBeanFactory.java:195)
	at org.springframework.beans.factory.support.DefaultListableBeanFactory.preInstantiateSingletons(DefaultListableBeanFactory.java:703)
	at org.springframework.context.support.AbstractApplicationContext.finishBeanFactoryInitialization(AbstractApplicationContext.java:760)
	at org.springframework.context.support.AbstractApplicationContext.refresh(AbstractApplicationContext.java:482)
	at org.springframework.web.context.ContextLoader.configureAndRefreshWebApplicationContext(ContextLoader.java:403)
	at org.springframework.web.context.ContextLoader.initWebApplicationContext(ContextLoader.java:306)
	at org.springframework.web.context.ContextLoaderListener.contextInitialized(ContextLoaderListener.java:106)
	at org.apache.catalina.core.StandardContext.listenerStart(StandardContext.java:4939)
	at org.apache.catalina.core.StandardContext.startInternal(StandardContext.java:5434)
	at org.apache.catalina.util.LifecycleBase.start(LifecycleBase.java:150)
	at org.apache.catalina.core.ContainerBase$StartChild.call(ContainerBase.java:1559)
	at org.apache.catalina.core.ContainerBase$StartChild.call(ContainerBase.java:1549)
	at java.util.concurrent.FutureTask.run(FutureTask.java:266)
	at java.util.concurrent.ThreadPoolExecutor.runWorker(ThreadPoolExecutor.java:1149)
	at java.util.concurrent.ThreadPoolExecutor$Worker.run(ThreadPoolExecutor.java:624)
	at java.lang.Thread.run(Thread.java:748)
Caused by: java.sql.SQLException: No suitable driver
	at java.sql.DriverManager.getDriver(DriverManager.java:315)
	at org.apache.commons.dbcp.BasicDataSource.createDataSource(BasicDataSource.java:1143)
	... 47 more
[INFO] [2017-10-18 12:15:53][org.springframework.orm.hibernate4.HibernateTransactionManager]Using DataSource [org.apache.commons.dbcp.BasicDataSource@4f821e5e] of Hibernate SessionFactory for HibernateTransactionManager
[INFO] [2017-10-18 12:15:53][org.springframework.web.context.ContextLoader]Root WebApplicationContext: initialization completed in 2305 ms
[INFO] [2017-10-18 12:15:53][com.opensymphony.xwork2.config.providers.XmlConfigurationProvider]Parsing configuration file [struts-default.xml]
[INFO] [2017-10-18 12:15:53][com.opensymphony.xwork2.config.providers.XmlConfigurationProvider]Parsing configuration file [struts-plugin.xml]
[INFO] [2017-10-18 12:15:54][com.opensymphony.xwork2.config.providers.XmlConfigurationProvider]Parsing configuration file [struts.xml]
[INFO] [2017-10-18 12:15:54][org.apache.struts2.config.AbstractBeanSelectionProvider]Choosing bean (spring) for (com.opensymphony.xwork2.ObjectFactory)
[INFO] [2017-10-18 12:15:54][org.apache.struts2.config.AbstractBeanSelectionProvider]Choosing bean (struts) for (com.opensymphony.xwork2.factory.ActionFactory)
[INFO] [2017-10-18 12:15:54][org.apache.struts2.config.AbstractBeanSelectionProvider]Choosing bean (struts) for (com.opensymphony.xwork2.factory.ResultFactory)
[INFO] [2017-10-18 12:15:54][org.apache.struts2.config.AbstractBeanSelectionProvider]Choosing bean (struts) for (com.opensymphony.xwork2.factory.ConverterFactory)
[INFO] [2017-10-18 12:15:54][org.apache.struts2.config.AbstractBeanSelectionProvider]Choosing bean (struts) for (com.opensymphony.xwork2.factory.InterceptorFactory)
[INFO] [2017-10-18 12:15:54][org.apache.struts2.config.AbstractBeanSelectionProvider]Choosing bean (struts) for (com.opensymphony.xwork2.factory.ValidatorFactory)
[INFO] [2017-10-18 12:15:54][org.apache.struts2.config.AbstractBeanSelectionProvider]Choosing bean (struts) for (com.opensymphony.xwork2.factory.UnknownHandlerFactory)
[INFO] [2017-10-18 12:15:54][org.apache.struts2.config.AbstractBeanSelectionProvider]Choosing bean (struts) for (com.opensymphony.xwork2.FileManagerFactory)
[INFO] [2017-10-18 12:15:54][org.apache.struts2.config.AbstractBeanSelectionProvider]Choosing bean (struts) for (com.opensymphony.xwork2.conversion.impl.XWorkConverter)
[INFO] [2017-10-18 12:15:54][org.apache.struts2.config.AbstractBeanSelectionProvider]Choosing bean (struts) for (com.opensymphony.xwork2.conversion.impl.CollectionConverter)
[INFO] [2017-10-18 12:15:54][org.apache.struts2.config.AbstractBeanSelectionProvider]Choosing bean (struts) for (com.opensymphony.xwork2.conversion.impl.ArrayConverter)
[INFO] [2017-10-18 12:15:54][org.apache.struts2.config.AbstractBeanSelectionProvider]Choosing bean (struts) for (com.opensymphony.xwork2.conversion.impl.DateConverter)
[INFO] [2017-10-18 12:15:54][org.apache.struts2.config.AbstractBeanSelectionProvider]Choosing bean (struts) for (com.opensymphony.xwork2.conversion.impl.NumberConverter)
[INFO] [2017-10-18 12:15:54][org.apache.struts2.config.AbstractBeanSelectionProvider]Choosing bean (struts) for (com.opensymphony.xwork2.conversion.impl.StringConverter)
[INFO] [2017-10-18 12:15:54][org.apache.struts2.config.AbstractBeanSelectionProvider]Choosing bean (struts) for (com.opensymphony.xwork2.conversion.ConversionPropertiesProcessor)
[INFO] [2017-10-18 12:15:54][org.apache.struts2.config.AbstractBeanSelectionProvider]Choosing bean (struts) for (com.opensymphony.xwork2.conversion.ConversionFileProcessor)
[INFO] [2017-10-18 12:15:54][org.apache.struts2.config.AbstractBeanSelectionProvider]Choosing bean (struts) for (com.opensymphony.xwork2.conversion.ConversionAnnotationProcessor)
[INFO] [2017-10-18 12:15:54][org.apache.struts2.config.AbstractBeanSelectionProvider]Choosing bean (struts) for (com.opensymphony.xwork2.conversion.TypeConverterCreator)
[INFO] [2017-10-18 12:15:54][org.apache.struts2.config.AbstractBeanSelectionProvider]Choosing bean (struts) for (com.opensymphony.xwork2.conversion.TypeConverterHolder)
[INFO] [2017-10-18 12:15:54][org.apache.struts2.config.AbstractBeanSelectionProvider]Choosing bean (struts) for (com.opensymphony.xwork2.TextProvider)
[INFO] [2017-10-18 12:15:54][org.apache.struts2.config.AbstractBeanSelectionProvider]Choosing bean (struts) for (com.opensymphony.xwork2.LocaleProvider)
[INFO] [2017-10-18 12:15:54][org.apache.struts2.config.AbstractBeanSelectionProvider]Choosing bean (struts) for (com.opensymphony.xwork2.ActionProxyFactory)
[INFO] [2017-10-18 12:15:54][org.apache.struts2.config.AbstractBeanSelectionProvider]Choosing bean (struts) for (com.opensymphony.xwork2.conversion.ObjectTypeDeterminer)
[INFO] [2017-10-18 12:15:54][org.apache.struts2.config.AbstractBeanSelectionProvider]Choosing bean (struts) for (org.apache.struts2.dispatcher.mapper.ActionMapper)
[INFO] [2017-10-18 12:15:54][org.apache.struts2.config.AbstractBeanSelectionProvider]Choosing bean (jakarta) for (org.apache.struts2.dispatcher.multipart.MultiPartRequest)
[INFO] [2017-10-18 12:15:54][org.apache.struts2.config.AbstractBeanSelectionProvider]Choosing bean (struts) for (org.apache.struts2.views.freemarker.FreemarkerManager)
[INFO] [2017-10-18 12:15:54][org.apache.struts2.config.AbstractBeanSelectionProvider]Choosing bean (struts) for (org.apache.struts2.components.UrlRenderer)
[INFO] [2017-10-18 12:15:54][org.apache.struts2.config.AbstractBeanSelectionProvider]Choosing bean (struts) for (com.opensymphony.xwork2.validator.ActionValidatorManager)
[INFO] [2017-10-18 12:15:54][org.apache.struts2.config.AbstractBeanSelectionProvider]Choosing bean (struts) for (com.opensymphony.xwork2.util.ValueStackFactory)
[INFO] [2017-10-18 12:15:54][org.apache.struts2.config.AbstractBeanSelectionProvider]Choosing bean (struts) for (com.opensymphony.xwork2.util.reflection.ReflectionProvider)
[INFO] [2017-10-18 12:15:54][org.apache.struts2.config.AbstractBeanSelectionProvider]Choosing bean (struts) for (com.opensymphony.xwork2.util.reflection.ReflectionContextFactory)
[INFO] [2017-10-18 12:15:54][org.apache.struts2.config.AbstractBeanSelectionProvider]Choosing bean (struts) for (com.opensymphony.xwork2.util.PatternMatcher)
[INFO] [2017-10-18 12:15:54][org.apache.struts2.config.AbstractBeanSelectionProvider]Choosing bean (struts) for (org.apache.struts2.util.ContentTypeMatcher)
[INFO] [2017-10-18 12:15:54][org.apache.struts2.config.AbstractBeanSelectionProvider]Choosing bean (struts) for (org.apache.struts2.dispatcher.StaticContentLoader)
[INFO] [2017-10-18 12:15:54][org.apache.struts2.config.AbstractBeanSelectionProvider]Choosing bean (struts) for (com.opensymphony.xwork2.UnknownHandlerManager)
[INFO] [2017-10-18 12:15:54][org.apache.struts2.config.AbstractBeanSelectionProvider]Choosing bean (struts) for (org.apache.struts2.views.util.UrlHelper)
[INFO] [2017-10-18 12:15:54][org.apache.struts2.config.AbstractBeanSelectionProvider]Choosing bean (struts) for (com.opensymphony.xwork2.util.TextParser)
[INFO] [2017-10-18 12:15:54][org.apache.struts2.config.AbstractBeanSelectionProvider]Choosing bean (struts) for (org.apache.struts2.dispatcher.DispatcherErrorHandler)
[INFO] [2017-10-18 12:15:54][org.apache.struts2.config.AbstractBeanSelectionProvider]Choosing bean (struts) for (com.opensymphony.xwork2.security.ExcludedPatternsChecker)
[INFO] [2017-10-18 12:15:54][org.apache.struts2.config.AbstractBeanSelectionProvider]Choosing bean (struts) for (com.opensymphony.xwork2.security.AcceptedPatternsChecker)
[INFO] [2017-10-18 12:15:54][org.apache.struts2.spring.StrutsSpringObjectFactory]Initializing Struts-Spring integration...
[INFO] [2017-10-18 12:15:54][com.opensymphony.xwork2.spring.SpringObjectFactory]Setting autowire strategy to name
[INFO] [2017-10-18 12:15:54][org.apache.struts2.spring.StrutsSpringObjectFactory]... initialized Struts-Spring integration successfully
[WARN] [2017-10-18 12:16:16][org.hibernate.engine.jdbc.spi.SqlExceptionHelper]SQL Error: 0, SQLState: null
[ERROR] [2017-10-18 12:16:16][org.hibernate.engine.jdbc.spi.SqlExceptionHelper]Cannot create JDBC driver of class 'com.mysql.jdbc.Driver' for connect URL 'root'
[ERROR] [2017-10-18 12:16:16][org.apache.struts2.dispatcher.DefaultDispatcherErrorHandler]Exception occurred during processing request: Could not open Hibernate Session for transaction; nested exception is org.hibernate.exception.GenericJDBCException: Could not open connection
org.springframework.transaction.CannotCreateTransactionException: Could not open Hibernate Session for transaction; nested exception is org.hibernate.exception.GenericJDBCException: Could not open connection
	at org.springframework.orm.hibernate4.HibernateTransactionManager.doBegin(HibernateTransactionManager.java:515)
	at org.springframework.transaction.support.AbstractPlatformTransactionManager.getTransaction(AbstractPlatformTransactionManager.java:373)
	at org.springframework.transaction.interceptor.TransactionAspectSupport.createTransactionIfNecessary(TransactionAspectSupport.java:420)
	at org.springframework.transaction.interceptor.TransactionAspectSupport.invokeWithinTransaction(TransactionAspectSupport.java:257)
	at org.springframework.transaction.interceptor.TransactionInterceptor.invoke(TransactionInterceptor.java:95)
	at org.springframework.aop.framework.ReflectiveMethodInvocation.proceed(ReflectiveMethodInvocation.java:179)
	at org.springframework.aop.interceptor.ExposeInvocationInterceptor.invoke(ExposeInvocationInterceptor.java:92)
	at org.springframework.aop.framework.ReflectiveMethodInvocation.proceed(ReflectiveMethodInvocation.java:179)
	at org.springframework.aop.framework.JdkDynamicAopProxy.invoke(JdkDynamicAopProxy.java:207)
	at com.sun.proxy.$Proxy47.login(Unknown Source)
	at com.future.order.action.LoginAction.execute(LoginAction.java:25)
	at sun.reflect.NativeMethodAccessorImpl.invoke0(Native Method)
	at sun.reflect.NativeMethodAccessorImpl.invoke(NativeMethodAccessorImpl.java:62)
	at sun.reflect.DelegatingMethodAccessorImpl.invoke(DelegatingMethodAccessorImpl.java:43)
	at java.lang.reflect.Method.invoke(Method.java:498)
	at ognl.OgnlRuntime.invokeMethod(OgnlRuntime.java:870)
	at ognl.OgnlRuntime.callAppropriateMethod(OgnlRuntime.java:1293)
	at ognl.ObjectMethodAccessor.callMethod(ObjectMethodAccessor.java:68)
	at com.opensymphony.xwork2.ognl.accessor.XWorkMethodAccessor.callMethodWithDebugInfo(XWorkMethodAccessor.java:117)
	at com.opensymphony.xwork2.ognl.accessor.XWorkMethodAccessor.callMethod(XWorkMethodAccessor.java:108)
	at ognl.OgnlRuntime.callMethod(OgnlRuntime.java:1369)
	at ognl.ASTMethod.getValueBody(ASTMethod.java:90)
	at ognl.SimpleNode.evaluateGetValueBody(SimpleNode.java:212)
	at ognl.SimpleNode.getValue(SimpleNode.java:258)
	at ognl.Ognl.getValue(Ognl.java:494)
	at ognl.Ognl.getValue(Ognl.java:458)
	at com.opensymphony.xwork2.ognl.OgnlUtil$2.execute(OgnlUtil.java:309)
	at com.opensymphony.xwork2.ognl.OgnlUtil.compileAndExecute(OgnlUtil.java:340)
	at com.opensymphony.xwork2.ognl.OgnlUtil.getValue(OgnlUtil.java:307)
	at com.opensymphony.xwork2.DefaultActionInvocation.invokeAction(DefaultActionInvocation.java:423)
	at com.opensymphony.xwork2.DefaultActionInvocation.invokeActionOnly(DefaultActionInvocation.java:287)
	at com.opensymphony.xwork2.DefaultActionInvocation.invoke(DefaultActionInvocation.java:250)
	at org.apache.struts2.interceptor.DeprecationInterceptor.intercept(DeprecationInterceptor.java:41)
	at com.opensymphony.xwork2.DefaultActionInvocation.invoke(DefaultActionInvocation.java:244)
	at org.apache.struts2.interceptor.debugging.DebuggingInterceptor.intercept(DebuggingInterceptor.java:256)
	at com.opensymphony.xwork2.DefaultActionInvocation.invoke(DefaultActionInvocation.java:244)
	at com.opensymphony.xwork2.interceptor.DefaultWorkflowInterceptor.doIntercept(DefaultWorkflowInterceptor.java:167)
	at com.opensymphony.xwork2.interceptor.MethodFilterInterceptor.intercept(MethodFilterInterceptor.java:98)
	at com.opensymphony.xwork2.DefaultActionInvocation.invoke(DefaultActionInvocation.java:244)
	at com.opensymphony.xwork2.validator.ValidationInterceptor.doIntercept(ValidationInterceptor.java:265)
	at org.apache.struts2.interceptor.validation.AnnotationValidationInterceptor.doIntercept(AnnotationValidationInterceptor.java:76)
	at com.opensymphony.xwork2.interceptor.MethodFilterInterceptor.intercept(MethodFilterInterceptor.java:98)
	at com.opensymphony.xwork2.DefaultActionInvocation.invoke(DefaultActionInvocation.java:244)
	at com.opensymphony.xwork2.interceptor.ConversionErrorInterceptor.intercept(ConversionErrorInterceptor.java:138)
	at com.opensymphony.xwork2.DefaultActionInvocation.invoke(DefaultActionInvocation.java:244)
	at com.opensymphony.xwork2.interceptor.ParametersInterceptor.doIntercept(ParametersInterceptor.java:229)
	at com.opensymphony.xwork2.interceptor.MethodFilterInterceptor.intercept(MethodFilterInterceptor.java:98)
	at com.opensymphony.xwork2.DefaultActionInvocation.invoke(DefaultActionInvocation.java:244)
	at com.opensymphony.xwork2.interceptor.ParametersInterceptor.doIntercept(ParametersInterceptor.java:229)
	at com.opensymphony.xwork2.interceptor.MethodFilterInterceptor.intercept(MethodFilterInterceptor.java:98)
	at com.opensymphony.xwork2.DefaultActionInvocation.invoke(DefaultActionInvocation.java:244)
	at com.opensymphony.xwork2.interceptor.StaticParametersInterceptor.intercept(StaticParametersInterceptor.java:191)
	at com.opensymphony.xwork2.DefaultActionInvocation.invoke(DefaultActionInvocation.java:244)
	at org.apache.struts2.interceptor.MultiselectInterceptor.intercept(MultiselectInterceptor.java:73)
	at com.opensymphony.xwork2.DefaultActionInvocation.invoke(DefaultActionInvocation.java:244)
	at org.apache.struts2.interceptor.DateTextFieldInterceptor.intercept(DateTextFieldInterceptor.java:125)
	at com.opensymphony.xwork2.DefaultActionInvocation.invoke(DefaultActionInvocation.java:244)
	at org.apache.struts2.interceptor.CheckboxInterceptor.intercept(CheckboxInterceptor.java:91)
	at com.opensymphony.xwork2.DefaultActionInvocation.invoke(DefaultActionInvocation.java:244)
	at org.apache.struts2.interceptor.FileUploadInterceptor.intercept(FileUploadInterceptor.java:253)
	at com.opensymphony.xwork2.DefaultActionInvocation.invoke(DefaultActionInvocation.java:244)
	at com.opensymphony.xwork2.interceptor.ModelDrivenInterceptor.intercept(ModelDrivenInterceptor.java:100)
	at com.opensymphony.xwork2.DefaultActionInvocation.invoke(DefaultActionInvocation.java:244)
	at com.opensymphony.xwork2.interceptor.ScopedModelDrivenInterceptor.intercept(ScopedModelDrivenInterceptor.java:141)
	at com.opensymphony.xwork2.DefaultActionInvocation.invoke(DefaultActionInvocation.java:244)
	at com.opensymphony.xwork2.interceptor.ChainingInterceptor.intercept(ChainingInterceptor.java:145)
	at com.opensymphony.xwork2.DefaultActionInvocation.invoke(DefaultActionInvocation.java:244)
	at com.opensymphony.xwork2.interceptor.PrepareInterceptor.doIntercept(PrepareInterceptor.java:171)
	at com.opensymphony.xwork2.interceptor.MethodFilterInterceptor.intercept(MethodFilterInterceptor.java:98)
	at com.opensymphony.xwork2.DefaultActionInvocation.invoke(DefaultActionInvocation.java:244)
	at com.opensymphony.xwork2.interceptor.I18nInterceptor.intercept(I18nInterceptor.java:139)
	at com.opensymphony.xwork2.DefaultActionInvocation.invoke(DefaultActionInvocation.java:244)
	at org.apache.struts2.interceptor.ServletConfigInterceptor.intercept(ServletConfigInterceptor.java:164)
	at com.opensymphony.xwork2.DefaultActionInvocation.invoke(DefaultActionInvocation.java:244)
	at com.opensymphony.xwork2.interceptor.AliasInterceptor.intercept(AliasInterceptor.java:193)
	at com.opensymphony.xwork2.DefaultActionInvocation.invoke(DefaultActionInvocation.java:244)
	at com.opensymphony.xwork2.interceptor.ExceptionMappingInterceptor.intercept(ExceptionMappingInterceptor.java:189)
	at com.opensymphony.xwork2.DefaultActionInvocation.invoke(DefaultActionInvocation.java:244)
	at org.apache.struts2.impl.StrutsActionProxy.execute(StrutsActionProxy.java:54)
	at org.apache.struts2.dispatcher.Dispatcher.serviceAction(Dispatcher.java:564)
	at org.apache.struts2.dispatcher.ng.ExecuteOperations.executeAction(ExecuteOperations.java:81)
	at org.apache.struts2.dispatcher.ng.filter.StrutsPrepareAndExecuteFilter.doFilter(StrutsPrepareAndExecuteFilter.java:99)
	at org.apache.catalina.core.ApplicationFilterChain.internalDoFilter(ApplicationFilterChain.java:243)
	at org.apache.catalina.core.ApplicationFilterChain.doFilter(ApplicationFilterChain.java:210)
	at com.future.order.filter.AllFilter.doFilter(AllFilter.java:46)
	at org.apache.catalina.core.ApplicationFilterChain.internalDoFilter(ApplicationFilterChain.java:243)
	at org.apache.catalina.core.ApplicationFilterChain.doFilter(ApplicationFilterChain.java:210)
	at org.apache.catalina.core.StandardWrapperValve.invoke(StandardWrapperValve.java:222)
	at org.apache.catalina.core.StandardContextValve.invoke(StandardContextValve.java:123)
	at org.apache.catalina.core.StandardHostValve.invoke(StandardHostValve.java:171)
	at org.apache.catalina.valves.ErrorReportValve.invoke(ErrorReportValve.java:100)
	at org.apache.catalina.valves.AccessLogValve.invoke(AccessLogValve.java:953)
	at org.apache.catalina.core.StandardEngineValve.invoke(StandardEngineValve.java:118)
	at org.apache.catalina.connector.CoyoteAdapter.service(CoyoteAdapter.java:408)
	at org.apache.coyote.http11.AbstractHttp11Processor.process(AbstractHttp11Processor.java:1041)
	at org.apache.coyote.AbstractProtocol$AbstractConnectionHandler.process(AbstractProtocol.java:603)
	at org.apache.tomcat.util.net.JIoEndpoint$SocketProcessor.run(JIoEndpoint.java:312)
	at java.util.concurrent.ThreadPoolExecutor.runWorker(ThreadPoolExecutor.java:1149)
	at java.util.concurrent.ThreadPoolExecutor$Worker.run(ThreadPoolExecutor.java:624)
	at java.lang.Thread.run(Thread.java:748)
Caused by: org.hibernate.exception.GenericJDBCException: Could not open connection
	at org.hibernate.exception.internal.StandardSQLExceptionConverter.convert(StandardSQLExceptionConverter.java:54)
	at org.hibernate.engine.jdbc.spi.SqlExceptionHelper.convert(SqlExceptionHelper.java:125)
	at org.hibernate.engine.jdbc.spi.SqlExceptionHelper.convert(SqlExceptionHelper.java:110)
	at org.hibernate.engine.jdbc.internal.LogicalConnectionImpl.obtainConnection(LogicalConnectionImpl.java:221)
	at org.hibernate.engine.jdbc.internal.LogicalConnectionImpl.getConnection(LogicalConnectionImpl.java:157)
	at org.hibernate.internal.SessionImpl.connection(SessionImpl.java:550)
	at org.springframework.orm.hibernate4.HibernateTransactionManager.doBegin(HibernateTransactionManager.java:429)
	... 99 more
Caused by: org.apache.commons.dbcp.SQLNestedException: Cannot create JDBC driver of class 'com.mysql.jdbc.Driver' for connect URL 'root'
	at org.apache.commons.dbcp.BasicDataSource.createDataSource(BasicDataSource.java:1150)
	at org.apache.commons.dbcp.BasicDataSource.getConnection(BasicDataSource.java:880)
	at org.hibernate.service.jdbc.connections.internal.DatasourceConnectionProviderImpl.getConnection(DatasourceConnectionProviderImpl.java:141)
	at org.hibernate.internal.AbstractSessionImpl$NonContextualJdbcConnectionAccess.obtainConnection(AbstractSessionImpl.java:292)
	at org.hibernate.engine.jdbc.internal.LogicalConnectionImpl.obtainConnection(LogicalConnectionImpl.java:214)
	... 102 more
Caused by: java.sql.SQLException: No suitable driver
	at java.sql.DriverManager.getDriver(DriverManager.java:315)
	at org.apache.commons.dbcp.BasicDataSource.createDataSource(BasicDataSource.java:1143)
	... 106 more
[INFO] [2017-10-18 12:17:02][org.springframework.web.context.support.XmlWebApplicationContext]Closing Root WebApplicationContext: startup date [Wed Oct 18 12:15:51 CST 2017]; root of context hierarchy
[INFO] [2017-10-18 12:19:28][org.springframework.web.context.ContextLoader]Root WebApplicationContext: initialization started
[INFO] [2017-10-18 12:19:28][org.springframework.web.context.support.XmlWebApplicationContext]Refreshing Root WebApplicationContext: startup date [Wed Oct 18 12:19:28 CST 2017]; root of context hierarchy
[INFO] [2017-10-18 12:19:28][org.springframework.beans.factory.xml.XmlBeanDefinitionReader]Loading XML bean definitions from class path resource [applicationContext.xml]
[INFO] [2017-10-18 12:19:29][org.springframework.context.support.PropertySourcesPlaceholderConfigurer]Loading properties file from class path resource [jdbc.properties]
[INFO] [2017-10-18 12:19:29][org.springframework.beans.factory.annotation.AutowiredAnnotationBeanPostProcessor]JSR-330 'javax.inject.Inject' annotation found and supported for autowiring
[INFO] [2017-10-18 12:19:30][org.hibernate.annotations.common.Version]HCANN000001: Hibernate Commons Annotations {4.0.2.Final}
[INFO] [2017-10-18 12:19:30][org.hibernate.Version]HHH000412: Hibernate Core {4.2.4.Final}
[INFO] [2017-10-18 12:19:30][org.hibernate.cfg.Environment]HHH000206: hibernate.properties not found
[INFO] [2017-10-18 12:19:30][org.hibernate.cfg.Environment]HHH000021: Bytecode provider name : javassist
[INFO] [2017-10-18 12:19:30][org.hibernate.dialect.Dialect]HHH000400: Using dialect: org.hibernate.dialect.MySQLDialect
[INFO] [2017-10-18 12:19:30][org.hibernate.engine.jdbc.internal.LobCreatorBuilder]HHH000423: Disabling contextual LOB creation as JDBC driver reported JDBC version [3] less than 4
[INFO] [2017-10-18 12:19:30][org.hibernate.engine.transaction.internal.TransactionFactoryInitiator]HHH000399: Using default transaction strategy (direct JDBC transactions)
[INFO] [2017-10-18 12:19:30][org.hibernate.hql.internal.ast.ASTQueryTranslatorFactory]HHH000397: Using ASTQueryTranslatorFactory
[INFO] [2017-10-18 12:19:31][org.hibernate.tool.hbm2ddl.SchemaUpdate]HHH000228: Running hbm2ddl schema update
[INFO] [2017-10-18 12:19:31][org.hibernate.tool.hbm2ddl.SchemaUpdate]HHH000102: Fetching database metadata
[INFO] [2017-10-18 12:19:31][org.hibernate.tool.hbm2ddl.SchemaUpdate]HHH000396: Updating schema
[INFO] [2017-10-18 12:19:31][org.hibernate.tool.hbm2ddl.TableMetadata]HHH000261: Table found: orderdb.tb_domain
[INFO] [2017-10-18 12:19:31][org.hibernate.tool.hbm2ddl.TableMetadata]HHH000037: Columns: [ip, id]
[INFO] [2017-10-18 12:19:31][org.hibernate.tool.hbm2ddl.TableMetadata]HHH000108: Foreign keys: []
[INFO] [2017-10-18 12:19:31][org.hibernate.tool.hbm2ddl.TableMetadata]HHH000126: Indexes: [primary]
[INFO] [2017-10-18 12:19:31][org.hibernate.tool.hbm2ddl.TableMetadata]HHH000261: Table found: orderdb.tb_inform
[INFO] [2017-10-18 12:19:31][org.hibernate.tool.hbm2ddl.TableMetadata]HHH000037: Columns: [createdate, tableid, id, tablename, content]
[INFO] [2017-10-18 12:19:31][org.hibernate.tool.hbm2ddl.TableMetadata]HHH000108: Foreign keys: []
[INFO] [2017-10-18 12:19:31][org.hibernate.tool.hbm2ddl.TableMetadata]HHH000126: Indexes: [primary]
[INFO] [2017-10-18 12:19:31][org.hibernate.tool.hbm2ddl.TableMetadata]HHH000261: Table found: orderdb.tb_ingredient
[INFO] [2017-10-18 12:19:31][org.hibernate.tool.hbm2ddl.TableMetadata]HHH000037: Columns: [introduce, price, num, name, createdate, remark, id, source, type]
[INFO] [2017-10-18 12:19:31][org.hibernate.tool.hbm2ddl.TableMetadata]HHH000108: Foreign keys: []
[INFO] [2017-10-18 12:19:31][org.hibernate.tool.hbm2ddl.TableMetadata]HHH000126: Indexes: [primary]
[INFO] [2017-10-18 12:19:31][org.hibernate.tool.hbm2ddl.TableMetadata]HHH000261: Table found: orderdb.tb_menu
[INFO] [2017-10-18 12:19:31][org.hibernate.tool.hbm2ddl.TableMetadata]HHH000037: Columns: [exist, imgurl, introduce, price, num, name, createdate, remark, typeid, id, typename]
[INFO] [2017-10-18 12:19:31][org.hibernate.tool.hbm2ddl.TableMetadata]HHH000108: Foreign keys: []
[INFO] [2017-10-18 12:19:31][org.hibernate.tool.hbm2ddl.TableMetadata]HHH000126: Indexes: [primary]
[INFO] [2017-10-18 12:19:31][org.hibernate.tool.hbm2ddl.TableMetadata]HHH000261: Table found: orderdb.tb_menumaterial
[INFO] [2017-10-18 12:19:31][org.hibernate.tool.hbm2ddl.TableMetadata]HHH000037: Columns: [imgurl, menuname, ingid, num, stockdate, menuid, id, type, ingname]
[INFO] [2017-10-18 12:19:31][org.hibernate.tool.hbm2ddl.TableMetadata]HHH000108: Foreign keys: []
[INFO] [2017-10-18 12:19:31][org.hibernate.tool.hbm2ddl.TableMetadata]HHH000126: Indexes: [primary]
[INFO] [2017-10-18 12:19:31][org.hibernate.tool.hbm2ddl.TableMetadata]HHH000261: Table found: orderdb.tb_menutype
[INFO] [2017-10-18 12:19:31][org.hibernate.tool.hbm2ddl.TableMetadata]HHH000037: Columns: [imgurl, name, remark, id]
[INFO] [2017-10-18 12:19:31][org.hibernate.tool.hbm2ddl.TableMetadata]HHH000108: Foreign keys: []
[INFO] [2017-10-18 12:19:31][org.hibernate.tool.hbm2ddl.TableMetadata]HHH000126: Indexes: [primary]
[INFO] [2017-10-18 12:19:31][org.hibernate.tool.hbm2ddl.TableMetadata]HHH000261: Table found: orderdb.tb_order
[INFO] [2017-10-18 12:19:31][org.hibernate.tool.hbm2ddl.TableMetadata]HHH000037: Columns: [favourable, cookid, createdate, payway, remark, cashiername, total, price, tableid, cookname, cashierid, id, tablename, status]
[INFO] [2017-10-18 12:19:31][org.hibernate.tool.hbm2ddl.TableMetadata]HHH000108: Foreign keys: []
[INFO] [2017-10-18 12:19:31][org.hibernate.tool.hbm2ddl.TableMetadata]HHH000126: Indexes: [primary]
[INFO] [2017-10-18 12:19:31][org.hibernate.tool.hbm2ddl.TableMetadata]HHH000261: Table found: orderdb.tb_orderdetails
[INFO] [2017-10-18 12:19:31][org.hibernate.tool.hbm2ddl.TableMetadata]HHH000037: Columns: [gift, menunum, cookid, menuname, orderid, remark, dishes, imgurl, price, menuid, tableid, cookname, id, tablename, creatdate, status]
[INFO] [2017-10-18 12:19:31][org.hibernate.tool.hbm2ddl.TableMetadata]HHH000108: Foreign keys: []
[INFO] [2017-10-18 12:19:31][org.hibernate.tool.hbm2ddl.TableMetadata]HHH000126: Indexes: [primary]
[INFO] [2017-10-18 12:19:31][org.hibernate.tool.hbm2ddl.TableMetadata]HHH000261: Table found: orderdb.tb_payment
[INFO] [2017-10-18 12:19:31][org.hibernate.tool.hbm2ddl.TableMetadata]HHH000037: Columns: [ways, remark, id]
[INFO] [2017-10-18 12:19:31][org.hibernate.tool.hbm2ddl.TableMetadata]HHH000108: Foreign keys: []
[INFO] [2017-10-18 12:19:31][org.hibernate.tool.hbm2ddl.TableMetadata]HHH000126: Indexes: [primary]
[INFO] [2017-10-18 12:19:31][org.hibernate.tool.hbm2ddl.TableMetadata]HHH000261: Table found: orderdb.tb_restaurant
[INFO] [2017-10-18 12:19:31][org.hibernate.tool.hbm2ddl.TableMetadata]HHH000037: Columns: [imgurl, address, phone, introduce, name, id]
[INFO] [2017-10-18 12:19:31][org.hibernate.tool.hbm2ddl.TableMetadata]HHH000108: Foreign keys: []
[INFO] [2017-10-18 12:19:31][org.hibernate.tool.hbm2ddl.TableMetadata]HHH000126: Indexes: [primary]
[INFO] [2017-10-18 12:19:31][org.hibernate.tool.hbm2ddl.TableMetadata]HHH000261: Table found: orderdb.tb_shopcart
[INFO] [2017-10-18 12:19:31][org.hibernate.tool.hbm2ddl.TableMetadata]HHH000037: Columns: [imgurl, menunum, menuname, price, menuid, tableid, remark, id, tablename]
[INFO] [2017-10-18 12:19:31][org.hibernate.tool.hbm2ddl.TableMetadata]HHH000108: Foreign keys: []
[INFO] [2017-10-18 12:19:31][org.hibernate.tool.hbm2ddl.TableMetadata]HHH000126: Indexes: [primary]
[INFO] [2017-10-18 12:19:31][org.hibernate.tool.hbm2ddl.TableMetadata]HHH000261: Table found: orderdb.tb_stock
[INFO] [2017-10-18 12:19:31][org.hibernate.tool.hbm2ddl.TableMetadata]HHH000037: Columns: [site, total, createdate, remark, id]
[INFO] [2017-10-18 12:19:31][org.hibernate.tool.hbm2ddl.TableMetadata]HHH000108: Foreign keys: []
[INFO] [2017-10-18 12:19:31][org.hibernate.tool.hbm2ddl.TableMetadata]HHH000126: Indexes: [primary]
[INFO] [2017-10-18 12:19:31][org.hibernate.tool.hbm2ddl.TableMetadata]HHH000261: Table found: orderdb.tb_stockdetails
[INFO] [2017-10-18 12:19:31][org.hibernate.tool.hbm2ddl.TableMetadata]HHH000037: Columns: [ingid, price, num, stockid, createdate, origins, id, place, ingname]
[INFO] [2017-10-18 12:19:31][org.hibernate.tool.hbm2ddl.TableMetadata]HHH000108: Foreign keys: []
[INFO] [2017-10-18 12:19:31][org.hibernate.tool.hbm2ddl.TableMetadata]HHH000126: Indexes: [primary]
[INFO] [2017-10-18 12:19:31][org.hibernate.tool.hbm2ddl.TableMetadata]HHH000261: Table found: orderdb.tb_tables
[INFO] [2017-10-18 12:19:31][org.hibernate.tool.hbm2ddl.TableMetadata]HHH000037: Columns: [name, remark, id, status]
[INFO] [2017-10-18 12:19:31][org.hibernate.tool.hbm2ddl.TableMetadata]HHH000108: Foreign keys: []
[INFO] [2017-10-18 12:19:31][org.hibernate.tool.hbm2ddl.TableMetadata]HHH000126: Indexes: [primary]
[INFO] [2017-10-18 12:19:31][org.hibernate.tool.hbm2ddl.TableMetadata]HHH000261: Table found: orderdb.tb_user
[INFO] [2017-10-18 12:19:31][org.hibernate.tool.hbm2ddl.TableMetadata]HHH000037: Columns: [password, phone, name, createdate, remark, id, sort]
[INFO] [2017-10-18 12:19:31][org.hibernate.tool.hbm2ddl.TableMetadata]HHH000108: Foreign keys: []
[INFO] [2017-10-18 12:19:31][org.hibernate.tool.hbm2ddl.TableMetadata]HHH000126: Indexes: [primary]
[INFO] [2017-10-18 12:19:31][org.hibernate.tool.hbm2ddl.SchemaUpdate]HHH000232: Schema update complete
[INFO] [2017-10-18 12:19:31][org.springframework.orm.hibernate4.HibernateTransactionManager]Using DataSource [org.apache.commons.dbcp.BasicDataSource@38f33444] of Hibernate SessionFactory for HibernateTransactionManager
[INFO] [2017-10-18 12:19:31][org.springframework.web.context.ContextLoader]Root WebApplicationContext: initialization completed in 3211 ms
[INFO] [2017-10-18 12:19:32][com.opensymphony.xwork2.config.providers.XmlConfigurationProvider]Parsing configuration file [struts-default.xml]
[INFO] [2017-10-18 12:19:32][com.opensymphony.xwork2.config.providers.XmlConfigurationProvider]Parsing configuration file [struts-plugin.xml]
[INFO] [2017-10-18 12:19:32][com.opensymphony.xwork2.config.providers.XmlConfigurationProvider]Parsing configuration file [struts.xml]
[INFO] [2017-10-18 12:19:32][org.apache.struts2.config.AbstractBeanSelectionProvider]Choosing bean (spring) for (com.opensymphony.xwork2.ObjectFactory)
[INFO] [2017-10-18 12:19:32][org.apache.struts2.config.AbstractBeanSelectionProvider]Choosing bean (struts) for (com.opensymphony.xwork2.factory.ActionFactory)
[INFO] [2017-10-18 12:19:32][org.apache.struts2.config.AbstractBeanSelectionProvider]Choosing bean (struts) for (com.opensymphony.xwork2.factory.ResultFactory)
[INFO] [2017-10-18 12:19:32][org.apache.struts2.config.AbstractBeanSelectionProvider]Choosing bean (struts) for (com.opensymphony.xwork2.factory.ConverterFactory)
[INFO] [2017-10-18 12:19:32][org.apache.struts2.config.AbstractBeanSelectionProvider]Choosing bean (struts) for (com.opensymphony.xwork2.factory.InterceptorFactory)
[INFO] [2017-10-18 12:19:32][org.apache.struts2.config.AbstractBeanSelectionProvider]Choosing bean (struts) for (com.opensymphony.xwork2.factory.ValidatorFactory)
[INFO] [2017-10-18 12:19:32][org.apache.struts2.config.AbstractBeanSelectionProvider]Choosing bean (struts) for (com.opensymphony.xwork2.factory.UnknownHandlerFactory)
[INFO] [2017-10-18 12:19:32][org.apache.struts2.config.AbstractBeanSelectionProvider]Choosing bean (struts) for (com.opensymphony.xwork2.FileManagerFactory)
[INFO] [2017-10-18 12:19:32][org.apache.struts2.config.AbstractBeanSelectionProvider]Choosing bean (struts) for (com.opensymphony.xwork2.conversion.impl.XWorkConverter)
[INFO] [2017-10-18 12:19:32][org.apache.struts2.config.AbstractBeanSelectionProvider]Choosing bean (struts) for (com.opensymphony.xwork2.conversion.impl.CollectionConverter)
[INFO] [2017-10-18 12:19:32][org.apache.struts2.config.AbstractBeanSelectionProvider]Choosing bean (struts) for (com.opensymphony.xwork2.conversion.impl.ArrayConverter)
[INFO] [2017-10-18 12:19:32][org.apache.struts2.config.AbstractBeanSelectionProvider]Choosing bean (struts) for (com.opensymphony.xwork2.conversion.impl.DateConverter)
[INFO] [2017-10-18 12:19:32][org.apache.struts2.config.AbstractBeanSelectionProvider]Choosing bean (struts) for (com.opensymphony.xwork2.conversion.impl.NumberConverter)
[INFO] [2017-10-18 12:19:32][org.apache.struts2.config.AbstractBeanSelectionProvider]Choosing bean (struts) for (com.opensymphony.xwork2.conversion.impl.StringConverter)
[INFO] [2017-10-18 12:19:32][org.apache.struts2.config.AbstractBeanSelectionProvider]Choosing bean (struts) for (com.opensymphony.xwork2.conversion.ConversionPropertiesProcessor)
[INFO] [2017-10-18 12:19:32][org.apache.struts2.config.AbstractBeanSelectionProvider]Choosing bean (struts) for (com.opensymphony.xwork2.conversion.ConversionFileProcessor)
[INFO] [2017-10-18 12:19:32][org.apache.struts2.config.AbstractBeanSelectionProvider]Choosing bean (struts) for (com.opensymphony.xwork2.conversion.ConversionAnnotationProcessor)
[INFO] [2017-10-18 12:19:32][org.apache.struts2.config.AbstractBeanSelectionProvider]Choosing bean (struts) for (com.opensymphony.xwork2.conversion.TypeConverterCreator)
[INFO] [2017-10-18 12:19:32][org.apache.struts2.config.AbstractBeanSelectionProvider]Choosing bean (struts) for (com.opensymphony.xwork2.conversion.TypeConverterHolder)
[INFO] [2017-10-18 12:19:32][org.apache.struts2.config.AbstractBeanSelectionProvider]Choosing bean (struts) for (com.opensymphony.xwork2.TextProvider)
[INFO] [2017-10-18 12:19:32][org.apache.struts2.config.AbstractBeanSelectionProvider]Choosing bean (struts) for (com.opensymphony.xwork2.LocaleProvider)
[INFO] [2017-10-18 12:19:32][org.apache.struts2.config.AbstractBeanSelectionProvider]Choosing bean (struts) for (com.opensymphony.xwork2.ActionProxyFactory)
[INFO] [2017-10-18 12:19:32][org.apache.struts2.config.AbstractBeanSelectionProvider]Choosing bean (struts) for (com.opensymphony.xwork2.conversion.ObjectTypeDeterminer)
[INFO] [2017-10-18 12:19:32][org.apache.struts2.config.AbstractBeanSelectionProvider]Choosing bean (struts) for (org.apache.struts2.dispatcher.mapper.ActionMapper)
[INFO] [2017-10-18 12:19:32][org.apache.struts2.config.AbstractBeanSelectionProvider]Choosing bean (jakarta) for (org.apache.struts2.dispatcher.multipart.MultiPartRequest)
[INFO] [2017-10-18 12:19:32][org.apache.struts2.config.AbstractBeanSelectionProvider]Choosing bean (struts) for (org.apache.struts2.views.freemarker.FreemarkerManager)
[INFO] [2017-10-18 12:19:32][org.apache.struts2.config.AbstractBeanSelectionProvider]Choosing bean (struts) for (org.apache.struts2.components.UrlRenderer)
[INFO] [2017-10-18 12:19:32][org.apache.struts2.config.AbstractBeanSelectionProvider]Choosing bean (struts) for (com.opensymphony.xwork2.validator.ActionValidatorManager)
[INFO] [2017-10-18 12:19:32][org.apache.struts2.config.AbstractBeanSelectionProvider]Choosing bean (struts) for (com.opensymphony.xwork2.util.ValueStackFactory)
[INFO] [2017-10-18 12:19:32][org.apache.struts2.config.AbstractBeanSelectionProvider]Choosing bean (struts) for (com.opensymphony.xwork2.util.reflection.ReflectionProvider)
[INFO] [2017-10-18 12:19:32][org.apache.struts2.config.AbstractBeanSelectionProvider]Choosing bean (struts) for (com.opensymphony.xwork2.util.reflection.ReflectionContextFactory)
[INFO] [2017-10-18 12:19:32][org.apache.struts2.config.AbstractBeanSelectionProvider]Choosing bean (struts) for (com.opensymphony.xwork2.util.PatternMatcher)
[INFO] [2017-10-18 12:19:32][org.apache.struts2.config.AbstractBeanSelectionProvider]Choosing bean (struts) for (org.apache.struts2.util.ContentTypeMatcher)
[INFO] [2017-10-18 12:19:32][org.apache.struts2.config.AbstractBeanSelectionProvider]Choosing bean (struts) for (org.apache.struts2.dispatcher.StaticContentLoader)
[INFO] [2017-10-18 12:19:32][org.apache.struts2.config.AbstractBeanSelectionProvider]Choosing bean (struts) for (com.opensymphony.xwork2.UnknownHandlerManager)
[INFO] [2017-10-18 12:19:32][org.apache.struts2.config.AbstractBeanSelectionProvider]Choosing bean (struts) for (org.apache.struts2.views.util.UrlHelper)
[INFO] [2017-10-18 12:19:32][org.apache.struts2.config.AbstractBeanSelectionProvider]Choosing bean (struts) for (com.opensymphony.xwork2.util.TextParser)
[INFO] [2017-10-18 12:19:32][org.apache.struts2.config.AbstractBeanSelectionProvider]Choosing bean (struts) for (org.apache.struts2.dispatcher.DispatcherErrorHandler)
[INFO] [2017-10-18 12:19:32][org.apache.struts2.config.AbstractBeanSelectionProvider]Choosing bean (struts) for (com.opensymphony.xwork2.security.ExcludedPatternsChecker)
[INFO] [2017-10-18 12:19:32][org.apache.struts2.config.AbstractBeanSelectionProvider]Choosing bean (struts) for (com.opensymphony.xwork2.security.AcceptedPatternsChecker)
[INFO] [2017-10-18 12:19:32][org.apache.struts2.spring.StrutsSpringObjectFactory]Initializing Struts-Spring integration...
[INFO] [2017-10-18 12:19:32][com.opensymphony.xwork2.spring.SpringObjectFactory]Setting autowire strategy to name
[INFO] [2017-10-18 12:19:32][org.apache.struts2.spring.StrutsSpringObjectFactory]... initialized Struts-Spring integration successfully
[INFO] [2017-10-18 12:57:40][org.springframework.web.context.support.XmlWebApplicationContext]Closing Root WebApplicationContext: startup date [Wed Oct 18 12:19:28 CST 2017]; root of context hierarchy
